[0.012s] Invoking command in '/home/th/soarm101_ros2_moveit/ws/build/soarm101_pick_place': CMAKE_PREFIX_PATH=/home/th/soarm101_ros2_moveit/ws/install/so_arm101_moveit_config:/home/th/soarm101_ros2_moveit/ws/install/so_arm101_description:/home/th/soarm101_ros2_moveit/ws/install/so_arm_utils:/home/th/soarm101_ros2_moveit/ws/install/feetech_ros2_driver:/home/th/soarm101_ros2_moveit/ws/install/soarm101_pick_place:/home/th/soarm101_ros2_moveit/ws/install/so_arm_gz:/home/th/soarm101_ros2_moveit/ws/install/so_arm100_moveit_config:/home/th/soarm101_ros2_moveit/ws/install/so_arm100_description:/opt/ros/jazzy/opt/gz_sim_vendor:/opt/ros/jazzy/opt/gz_sensors_vendor:/opt/ros/jazzy/opt/gz_physics_vendor:/opt/ros/jazzy/opt/sdformat_vendor:/opt/ros/jazzy/opt/gz_gui_vendor:/opt/ros/jazzy/opt/gz_transport_vendor:/opt/ros/jazzy/opt/gz_rendering_vendor:/opt/ros/jazzy/opt/gz_plugin_vendor:/opt/ros/jazzy/opt/gz_fuel_tools_vendor:/opt/ros/jazzy/opt/gz_msgs_vendor:/opt/ros/jazzy/opt/gz_common_vendor:/opt/ros/jazzy/opt/gz_math_vendor:/opt/ros/jazzy/opt/gz_utils_vendor:/opt/ros/jazzy/opt/gz_tools_vendor:/opt/ros/jazzy/opt/gz_ogre_next_vendor:/opt/ros/jazzy/opt/gz_dartsim_vendor:/opt/ros/jazzy/opt/gz_cmake_vendor:/opt/ros/jazzy DEBUGINFOD_URLS=https://debuginfod.ubuntu.com /usr/bin/cmake --build /home/th/soarm101_ros2_moveit/ws/build/soarm101_pick_place -- -j16 -l16
[0.049s] Invoked command in '/home/th/soarm101_ros2_moveit/ws/build/soarm101_pick_place' returned '0': CMAKE_PREFIX_PATH=/home/th/soarm101_ros2_moveit/ws/install/so_arm101_moveit_config:/home/th/soarm101_ros2_moveit/ws/install/so_arm101_description:/home/th/soarm101_ros2_moveit/ws/install/so_arm_utils:/home/th/soarm101_ros2_moveit/ws/install/feetech_ros2_driver:/home/th/soarm101_ros2_moveit/ws/install/soarm101_pick_place:/home/th/soarm101_ros2_moveit/ws/install/so_arm_gz:/home/th/soarm101_ros2_moveit/ws/install/so_arm100_moveit_config:/home/th/soarm101_ros2_moveit/ws/install/so_arm100_description:/opt/ros/jazzy/opt/gz_sim_vendor:/opt/ros/jazzy/opt/gz_sensors_vendor:/opt/ros/jazzy/opt/gz_physics_vendor:/opt/ros/jazzy/opt/sdformat_vendor:/opt/ros/jazzy/opt/gz_gui_vendor:/opt/ros/jazzy/opt/gz_transport_vendor:/opt/ros/jazzy/opt/gz_rendering_vendor:/opt/ros/jazzy/opt/gz_plugin_vendor:/opt/ros/jazzy/opt/gz_fuel_tools_vendor:/opt/ros/jazzy/opt/gz_msgs_vendor:/opt/ros/jazzy/opt/gz_common_vendor:/opt/ros/jazzy/opt/gz_math_vendor:/opt/ros/jazzy/opt/gz_utils_vendor:/opt/ros/jazzy/opt/gz_tools_vendor:/opt/ros/jazzy/opt/gz_ogre_next_vendor:/opt/ros/jazzy/opt/gz_dartsim_vendor:/opt/ros/jazzy/opt/gz_cmake_vendor:/opt/ros/jazzy DEBUGINFOD_URLS=https://debuginfod.ubuntu.com /usr/bin/cmake --build /home/th/soarm101_ros2_moveit/ws/build/soarm101_pick_place -- -j16 -l16
[0.058s] Invoking command in '/home/th/soarm101_ros2_moveit/ws/build/soarm101_pick_place': CMAKE_PREFIX_PATH=/home/th/soarm101_ros2_moveit/ws/install/so_arm101_moveit_config:/home/th/soarm101_ros2_moveit/ws/install/so_arm101_description:/home/th/soarm101_ros2_moveit/ws/install/so_arm_utils:/home/th/soarm101_ros2_moveit/ws/install/feetech_ros2_driver:/home/th/soarm101_ros2_moveit/ws/install/soarm101_pick_place:/home/th/soarm101_ros2_moveit/ws/install/so_arm_gz:/home/th/soarm101_ros2_moveit/ws/install/so_arm100_moveit_config:/home/th/soarm101_ros2_moveit/ws/install/so_arm100_description:/opt/ros/jazzy/opt/gz_sim_vendor:/opt/ros/jazzy/opt/gz_sensors_vendor:/opt/ros/jazzy/opt/gz_physics_vendor:/opt/ros/jazzy/opt/sdformat_vendor:/opt/ros/jazzy/opt/gz_gui_vendor:/opt/ros/jazzy/opt/gz_transport_vendor:/opt/ros/jazzy/opt/gz_rendering_vendor:/opt/ros/jazzy/opt/gz_plugin_vendor:/opt/ros/jazzy/opt/gz_fuel_tools_vendor:/opt/ros/jazzy/opt/gz_msgs_vendor:/opt/ros/jazzy/opt/gz_common_vendor:/opt/ros/jazzy/opt/gz_math_vendor:/opt/ros/jazzy/opt/gz_utils_vendor:/opt/ros/jazzy/opt/gz_tools_vendor:/opt/ros/jazzy/opt/gz_ogre_next_vendor:/opt/ros/jazzy/opt/gz_dartsim_vendor:/opt/ros/jazzy/opt/gz_cmake_vendor:/opt/ros/jazzy DEBUGINFOD_URLS=https://debuginfod.ubuntu.com /usr/bin/cmake --install /home/th/soarm101_ros2_moveit/ws/build/soarm101_pick_place
[0.066s] -- Install configuration: ""
[0.066s] -- Execute custom install script
[0.067s] -- Up-to-date symlink: /home/th/soarm101_ros2_moveit/ws/install/soarm101_pick_place/share/soarm101_pick_place/config/cam_to_robot.yaml
[0.067s] -- Up-to-date symlink: /home/th/soarm101_ros2_moveit/ws/install/soarm101_pick_place/share/soarm101_pick_place/config/camera_intrinsics.yaml
[0.067s] -- Symlinking: /home/th/soarm101_ros2_moveit/ws/install/soarm101_pick_place/share/soarm101_pick_place/config/twin_world.sdf
[0.077s] -- Up-to-date symlink: /home/th/soarm101_ros2_moveit/ws/install/soarm101_pick_place/share/soarm101_pick_place/launch/camera_aruco.launch.py
[0.077s] -- Up-to-date symlink: /home/th/soarm101_ros2_moveit/ws/install/soarm101_pick_place/share/soarm101_pick_place/launch/digital_twin.launch.py
[0.077s] -- Up-to-date symlink: /home/th/soarm101_ros2_moveit/ws/install/soarm101_pick_place/share/soarm101_pick_place/launch/gazebo_moveit.launch.py
[0.077s] -- Up-to-date symlink: /home/th/soarm101_ros2_moveit/ws/install/soarm101_pick_place/share/soarm101_pick_place/launch/pick_place.launch.py
[0.077s] -- Up-to-date symlink: /home/th/soarm101_ros2_moveit/ws/install/soarm101_pick_place/lib/soarm101_pick_place/camera_bridge_node.py
[0.077s] -- Up-to-date symlink: /home/th/soarm101_ros2_moveit/ws/install/soarm101_pick_place/lib/soarm101_pick_place/aruco_detector_node.py
[0.078s] -- Up-to-date symlink: /home/th/soarm101_ros2_moveit/ws/install/soarm101_pick_place/lib/soarm101_pick_place/pick_place_node.py
[0.078s] -- Up-to-date symlink: /home/th/soarm101_ros2_moveit/ws/install/soarm101_pick_place/lib/soarm101_pick_place/calibrate_hand_eye_node.py
[0.078s] -- Up-to-date symlink: /home/th/soarm101_ros2_moveit/ws/install/soarm101_pick_place/lib/soarm101_pick_place/spawn_objects.py
[0.078s] -- Up-to-date symlink: /home/th/soarm101_ros2_moveit/ws/install/soarm101_pick_place/lib/soarm101_pick_place/gz_05_digital_twin.py
[0.078s] -- Up-to-date symlink: /home/th/soarm101_ros2_moveit/ws/install/soarm101_pick_place/share/ament_index/resource_index/package_run_dependencies/soarm101_pick_place
[0.078s] -- Up-to-date symlink: /home/th/soarm101_ros2_moveit/ws/install/soarm101_pick_place/share/ament_index/resource_index/parent_prefix_path/soarm101_pick_place
[0.078s] -- Up-to-date symlink: /home/th/soarm101_ros2_moveit/ws/install/soarm101_pick_place/share/soarm101_pick_place/environment/ament_prefix_path.sh
[0.078s] -- Up-to-date symlink: /home/th/soarm101_ros2_moveit/ws/install/soarm101_pick_place/share/soarm101_pick_place/environment/ament_prefix_path.dsv
[0.078s] -- Up-to-date symlink: /home/th/soarm101_ros2_moveit/ws/install/soarm101_pick_place/share/soarm101_pick_place/environment/path.sh
[0.078s] -- Up-to-date symlink: /home/th/soarm101_ros2_moveit/ws/install/soarm101_pick_place/share/soarm101_pick_place/environment/path.dsv
[0.078s] -- Up-to-date symlink: /home/th/soarm101_ros2_moveit/ws/install/soarm101_pick_place/share/soarm101_pick_place/local_setup.bash
[0.078s] -- Up-to-date symlink: /home/th/soarm101_ros2_moveit/ws/install/soarm101_pick_place/share/soarm101_pick_place/local_setup.sh
[0.079s] -- Up-to-date symlink: /home/th/soarm101_ros2_moveit/ws/install/soarm101_pick_place/share/soarm101_pick_place/local_setup.zsh
[0.079s] -- Up-to-date symlink: /home/th/soarm101_ros2_moveit/ws/install/soarm101_pick_place/share/soarm101_pick_place/local_setup.dsv
[0.079s] -- Symlinking: /home/th/soarm101_ros2_moveit/ws/install/soarm101_pick_place/share/soarm101_pick_place/package.dsv
[0.087s] -- Up-to-date symlink: /home/th/soarm101_ros2_moveit/ws/install/soarm101_pick_place/share/ament_index/resource_index/packages/soarm101_pick_place
[0.087s] -- Up-to-date symlink: /home/th/soarm101_ros2_moveit/ws/install/soarm101_pick_place/share/soarm101_pick_place/cmake/soarm101_pick_placeConfig.cmake
[0.087s] -- Up-to-date symlink: /home/th/soarm101_ros2_moveit/ws/install/soarm101_pick_place/share/soarm101_pick_place/cmake/soarm101_pick_placeConfig-version.cmake
[0.087s] -- Up-to-date symlink: /home/th/soarm101_ros2_moveit/ws/install/soarm101_pick_place/share/soarm101_pick_place/package.xml
[0.089s] Invoked command in '/home/th/soarm101_ros2_moveit/ws/build/soarm101_pick_place' returned '0': CMAKE_PREFIX_PATH=/home/th/soarm101_ros2_moveit/ws/install/so_arm101_moveit_config:/home/th/soarm101_ros2_moveit/ws/install/so_arm101_description:/home/th/soarm101_ros2_moveit/ws/install/so_arm_utils:/home/th/soarm101_ros2_moveit/ws/install/feetech_ros2_driver:/home/th/soarm101_ros2_moveit/ws/install/soarm101_pick_place:/home/th/soarm101_ros2_moveit/ws/install/so_arm_gz:/home/th/soarm101_ros2_moveit/ws/install/so_arm100_moveit_config:/home/th/soarm101_ros2_moveit/ws/install/so_arm100_description:/opt/ros/jazzy/opt/gz_sim_vendor:/opt/ros/jazzy/opt/gz_sensors_vendor:/opt/ros/jazzy/opt/gz_physics_vendor:/opt/ros/jazzy/opt/sdformat_vendor:/opt/ros/jazzy/opt/gz_gui_vendor:/opt/ros/jazzy/opt/gz_transport_vendor:/opt/ros/jazzy/opt/gz_rendering_vendor:/opt/ros/jazzy/opt/gz_plugin_vendor:/opt/ros/jazzy/opt/gz_fuel_tools_vendor:/opt/ros/jazzy/opt/gz_msgs_vendor:/opt/ros/jazzy/opt/gz_common_vendor:/opt/ros/jazzy/opt/gz_math_vendor:/opt/ros/jazzy/opt/gz_utils_vendor:/opt/ros/jazzy/opt/gz_tools_vendor:/opt/ros/jazzy/opt/gz_ogre_next_vendor:/opt/ros/jazzy/opt/gz_dartsim_vendor:/opt/ros/jazzy/opt/gz_cmake_vendor:/opt/ros/jazzy DEBUGINFOD_URLS=https://debuginfod.ubuntu.com /usr/bin/cmake --install /home/th/soarm101_ros2_moveit/ws/build/soarm101_pick_place
