-- The C compiler identification is GNU 13.3.0
-- The CXX compiler identification is GNU 13.3.0
-- Detecting C compiler ABI info
-- Detecting C compiler ABI info - done
-- Check for working C compiler: /usr/bin/cc - skipped
-- Detecting C compile features
-- Detecting C compile features - done
-- Detecting CXX compiler ABI info
-- Detecting CXX compiler ABI info - done
-- Check for working CXX compiler: /usr/bin/c++ - skipped
-- Detecting CXX compile features
-- Detecting CXX compile features - done
-- Found ament_cmake: 2.5.6 (/opt/ros/jazzy/share/ament_cmake/cmake)
-- Found Python3: /usr/bin/python3 (found version "3.12.3") found components: Interpreter 
-- Override CMake install command with custom implementation using symlinks instead of copying resources
-- Configuring done (0.5s)
-- Generating done (0.0s)
-- Build files have been written to: /home/th/soarm101_ros2_moveit/ws/build/so_arm100_description
-- Install configuration: ""
-- Execute custom install script
-- Symlinking: /home/th/soarm101_ros2_moveit/ws/install/so_arm100_description/share/so_arm100_description/environment/so_arm100_description.dsv
-- Symlinking: /home/th/soarm101_ros2_moveit/ws/install/so_arm100_description/share/so_arm100_description//urdf/so_arm100.urdf.xacro
-- Symlinking: /home/th/soarm101_ros2_moveit/ws/install/so_arm100_description/share/so_arm100_description//urdf/so_arm100_macro.xacro
-- Symlinking: /home/th/soarm101_ros2_moveit/ws/install/so_arm100_description/share/so_arm100_description//mjcf/scene.xml
-- Symlinking: /home/th/soarm101_ros2_moveit/ws/install/so_arm100_description/share/so_arm100_description//mjcf/so_arm100.xml
-- Symlinking: /home/th/soarm101_ros2_moveit/ws/install/so_arm100_description/share/so_arm100_description//meshes/Base.stl
-- Symlinking: /home/th/soarm101_ros2_moveit/ws/install/so_arm100_description/share/so_arm100_description//meshes/Base_Motor.stl
-- Symlinking: /home/th/soarm101_ros2_moveit/ws/install/so_arm100_description/share/so_arm100_description//meshes/Fixed_Jaw.stl
-- Symlinking: /home/th/soarm101_ros2_moveit/ws/install/so_arm100_description/share/so_arm100_description//meshes/Fixed_Jaw_Motor.stl
-- Symlinking: /home/th/soarm101_ros2_moveit/ws/install/so_arm100_description/share/so_arm100_description//meshes/LICENSE
-- Symlinking: /home/th/soarm101_ros2_moveit/ws/install/so_arm100_description/share/so_arm100_description//meshes/Lower_Arm.stl
-- Symlinking: /home/th/soarm101_ros2_moveit/ws/install/so_arm100_description/share/so_arm100_description//meshes/Lower_Arm_Motor.stl
-- Symlinking: /home/th/soarm101_ros2_moveit/ws/install/so_arm100_description/share/so_arm100_description//meshes/Moving_Jaw.stl
-- Symlinking: /home/th/soarm101_ros2_moveit/ws/install/so_arm100_description/share/so_arm100_description//meshes/Rotation_Pitch.stl
-- Symlinking: /home/th/soarm101_ros2_moveit/ws/install/so_arm100_description/share/so_arm100_description//meshes/Rotation_Pitch_Motor.stl
-- Symlinking: /home/th/soarm101_ros2_moveit/ws/install/so_arm100_description/share/so_arm100_description//meshes/Upper_Arm.stl
-- Symlinking: /home/th/soarm101_ros2_moveit/ws/install/so_arm100_description/share/so_arm100_description//meshes/Upper_Arm_Motor.stl
-- Symlinking: /home/th/soarm101_ros2_moveit/ws/install/so_arm100_description/share/so_arm100_description//meshes/Wrist_Pitch_Roll.stl
-- Symlinking: /home/th/soarm101_ros2_moveit/ws/install/so_arm100_description/share/so_arm100_description//meshes/Wrist_Pitch_Roll_Motor.stl
-- Symlinking: /home/th/soarm101_ros2_moveit/ws/install/so_arm100_description/share/so_arm100_description//control/ros2_controllers.yaml
-- Symlinking: /home/th/soarm101_ros2_moveit/ws/install/so_arm100_description/share/so_arm100_description//control/so_arm100.ros2_control.xacro
-- Symlinking: /home/th/soarm101_ros2_moveit/ws/install/so_arm100_description/share/so_arm100_description//rviz/config.rviz
-- Symlinking: /home/th/soarm101_ros2_moveit/ws/install/so_arm100_description/share/so_arm100_description//launch/controllers_bringup.launch.py
-- Symlinking: /home/th/soarm101_ros2_moveit/ws/install/so_arm100_description/share/ament_index/resource_index/package_run_dependencies/so_arm100_description
-- Symlinking: /home/th/soarm101_ros2_moveit/ws/install/so_arm100_description/share/ament_index/resource_index/parent_prefix_path/so_arm100_description
-- Symlinking: /home/th/soarm101_ros2_moveit/ws/install/so_arm100_description/share/so_arm100_description/environment/ament_prefix_path.sh
-- Symlinking: /home/th/soarm101_ros2_moveit/ws/install/so_arm100_description/share/so_arm100_description/environment/ament_prefix_path.dsv
-- Symlinking: /home/th/soarm101_ros2_moveit/ws/install/so_arm100_description/share/so_arm100_description/environment/path.sh
-- Symlinking: /home/th/soarm101_ros2_moveit/ws/install/so_arm100_description/share/so_arm100_description/environment/path.dsv
-- Symlinking: /home/th/soarm101_ros2_moveit/ws/install/so_arm100_description/share/so_arm100_description/local_setup.bash
-- Symlinking: /home/th/soarm101_ros2_moveit/ws/install/so_arm100_description/share/so_arm100_description/local_setup.sh
-- Symlinking: /home/th/soarm101_ros2_moveit/ws/install/so_arm100_description/share/so_arm100_description/local_setup.zsh
-- Symlinking: /home/th/soarm101_ros2_moveit/ws/install/so_arm100_description/share/so_arm100_description/local_setup.dsv
-- Symlinking: /home/th/soarm101_ros2_moveit/ws/install/so_arm100_description/share/so_arm100_description/package.dsv
-- Symlinking: /home/th/soarm101_ros2_moveit/ws/install/so_arm100_description/share/ament_index/resource_index/packages/so_arm100_description
-- Symlinking: /home/th/soarm101_ros2_moveit/ws/install/so_arm100_description/share/so_arm100_description/cmake/so_arm100_descriptionConfig.cmake
-- Symlinking: /home/th/soarm101_ros2_moveit/ws/install/so_arm100_description/share/so_arm100_description/cmake/so_arm100_descriptionConfig-version.cmake
-- Symlinking: /home/th/soarm101_ros2_moveit/ws/install/so_arm100_description/share/so_arm100_description/package.xml
