[0.061s] DEBUG:colcon:Command line arguments: ['/usr/bin/colcon', 'build', '--symlink-install', '--packages-select', 'soarm101_pick_place']
[0.061s] DEBUG:colcon:Parsed command line arguments: Namespace(log_base=None, log_level=None, verb_name='build', build_base='build', install_base='install', merge_install=False, symlink_install=True, test_result_base=None, continue_on_error=False, executor='parallel', parallel_workers=16, event_handlers=None, ignore_user_meta=False, metas=['./colcon.meta'], base_paths=['.'], packages_ignore=None, packages_ignore_regex=None, paths=None, packages_up_to=None, packages_up_to_regex=None, packages_above=None, packages_above_and_dependencies=None, packages_above_depth=None, packages_select_by_dep=None, packages_skip_by_dep=None, packages_skip_up_to=None, packages_select_build_failed=False, packages_skip_build_finished=False, packages_select_test_failures=False, packages_skip_test_passed=False, packages_select=['soarm101_pick_place'], packages_skip=None, packages_select_regex=None, packages_skip_regex=None, packages_start=None, packages_end=None, allow_overriding=[], cmake_args=None, cmake_target=None, cmake_target_skip_unavailable=False, cmake_clean_cache=False, cmake_clean_first=False, cmake_force_configure=False, ament_cmake_args=None, catkin_cmake_args=None, catkin_skip_building_tests=False, mixin_files=None, mixin=None, verb_parser=<colcon_mixin.mixin.mixin_argument.MixinArgumentDecorator object at 0x7f635b388620>, verb_extension=<colcon_core.verb.build.BuildVerb object at 0x7f635b366510>, main=<bound method BuildVerb.main of <colcon_core.verb.build.BuildVerb object at 0x7f635b366510>>, mixin_verb=('build',))
[0.085s] Level 1:colcon.colcon_core.package_discovery:discover_packages(colcon_meta) check parameters
[0.085s] Level 1:colcon.colcon_core.package_discovery:discover_packages(recursive) check parameters
[0.085s] Level 1:colcon.colcon_core.package_discovery:discover_packages(ignore) check parameters
[0.085s] Level 1:colcon.colcon_core.package_discovery:discover_packages(path) check parameters
[0.085s] Level 1:colcon.colcon_core.package_discovery:discover_packages(colcon_meta) discover
[0.086s] Level 1:colcon.colcon_core.package_discovery:discover_packages(recursive) discover
[0.086s] INFO:colcon.colcon_core.package_discovery:Crawling recursively for packages in '/home/th/soarm101_ros2_moveit/ws'
[0.086s] Level 1:colcon.colcon_core.package_identification:_identify(.) by extensions ['ignore', 'ignore_ament_install']
[0.086s] Level 1:colcon.colcon_core.package_identification:_identify(.) by extension 'ignore'
[0.086s] Level 1:colcon.colcon_core.package_identification:_identify(.) by extension 'ignore_ament_install'
[0.086s] Level 1:colcon.colcon_core.package_identification:_identify(.) by extensions ['colcon_pkg']
[0.086s] Level 1:colcon.colcon_core.package_identification:_identify(.) by extension 'colcon_pkg'
[0.086s] Level 1:colcon.colcon_core.package_identification:_identify(.) by extensions ['colcon_meta']
[0.086s] Level 1:colcon.colcon_core.package_identification:_identify(.) by extension 'colcon_meta'
[0.086s] Level 1:colcon.colcon_core.package_identification:_identify(.) by extensions ['ros']
[0.086s] Level 1:colcon.colcon_core.package_identification:_identify(.) by extension 'ros'
[0.101s] Level 1:colcon.colcon_core.package_identification:_identify(.) by extensions ['cmake', 'python']
[0.101s] Level 1:colcon.colcon_core.package_identification:_identify(.) by extension 'cmake'
[0.101s] Level 1:colcon.colcon_core.package_identification:_identify(.) by extension 'python'
[0.101s] Level 1:colcon.colcon_core.package_identification:_identify(.) by extensions ['python_setup_py']
[0.101s] Level 1:colcon.colcon_core.package_identification:_identify(.) by extension 'python_setup_py'
[0.101s] Level 1:colcon.colcon_core.package_identification:_identify(build) by extensions ['ignore', 'ignore_ament_install']
[0.101s] Level 1:colcon.colcon_core.package_identification:_identify(build) by extension 'ignore'
[0.101s] Level 1:colcon.colcon_core.package_identification:_identify(build) ignored
[0.101s] Level 1:colcon.colcon_core.package_identification:_identify(install) by extensions ['ignore', 'ignore_ament_install']
[0.101s] Level 1:colcon.colcon_core.package_identification:_identify(install) by extension 'ignore'
[0.101s] Level 1:colcon.colcon_core.package_identification:_identify(install) ignored
[0.101s] Level 1:colcon.colcon_core.package_identification:_identify(log) by extensions ['ignore', 'ignore_ament_install']
[0.101s] Level 1:colcon.colcon_core.package_identification:_identify(log) by extension 'ignore'
[0.101s] Level 1:colcon.colcon_core.package_identification:_identify(log) ignored
[0.101s] Level 1:colcon.colcon_core.package_identification:_identify(src) by extensions ['ignore', 'ignore_ament_install']
[0.101s] Level 1:colcon.colcon_core.package_identification:_identify(src) by extension 'ignore'
[0.101s] Level 1:colcon.colcon_core.package_identification:_identify(src) by extension 'ignore_ament_install'
[0.101s] Level 1:colcon.colcon_core.package_identification:_identify(src) by extensions ['colcon_pkg']
[0.101s] Level 1:colcon.colcon_core.package_identification:_identify(src) by extension 'colcon_pkg'
[0.101s] Level 1:colcon.colcon_core.package_identification:_identify(src) by extensions ['colcon_meta']
[0.101s] Level 1:colcon.colcon_core.package_identification:_identify(src) by extension 'colcon_meta'
[0.101s] Level 1:colcon.colcon_core.package_identification:_identify(src) by extensions ['ros']
[0.101s] Level 1:colcon.colcon_core.package_identification:_identify(src) by extension 'ros'
[0.101s] Level 1:colcon.colcon_core.package_identification:_identify(src) by extensions ['cmake', 'python']
[0.101s] Level 1:colcon.colcon_core.package_identification:_identify(src) by extension 'cmake'
[0.101s] Level 1:colcon.colcon_core.package_identification:_identify(src) by extension 'python'
[0.101s] Level 1:colcon.colcon_core.package_identification:_identify(src) by extensions ['python_setup_py']
[0.101s] Level 1:colcon.colcon_core.package_identification:_identify(src) by extension 'python_setup_py'
[0.101s] Level 1:colcon.colcon_core.package_identification:_identify(src/feetech_ros2_driver) by extensions ['ignore', 'ignore_ament_install']
[0.101s] Level 1:colcon.colcon_core.package_identification:_identify(src/feetech_ros2_driver) by extension 'ignore'
[0.101s] Level 1:colcon.colcon_core.package_identification:_identify(src/feetech_ros2_driver) by extension 'ignore_ament_install'
[0.101s] Level 1:colcon.colcon_core.package_identification:_identify(src/feetech_ros2_driver) by extensions ['colcon_pkg']
[0.101s] Level 1:colcon.colcon_core.package_identification:_identify(src/feetech_ros2_driver) by extension 'colcon_pkg'
[0.101s] Level 1:colcon.colcon_core.package_identification:_identify(src/feetech_ros2_driver) by extensions ['colcon_meta']
[0.101s] Level 1:colcon.colcon_core.package_identification:_identify(src/feetech_ros2_driver) by extension 'colcon_meta'
[0.102s] Level 1:colcon.colcon_core.package_identification:_identify(src/feetech_ros2_driver) by extensions ['ros']
[0.102s] Level 1:colcon.colcon_core.package_identification:_identify(src/feetech_ros2_driver) by extension 'ros'
[0.103s] DEBUG:colcon.colcon_core.package_identification:Package 'src/feetech_ros2_driver' with type 'ros.ament_cmake' and name 'feetech_ros2_driver'
[0.103s] Level 1:colcon.colcon_core.package_identification:_identify(src/ros2_so_arm100) by extensions ['ignore', 'ignore_ament_install']
[0.103s] Level 1:colcon.colcon_core.package_identification:_identify(src/ros2_so_arm100) by extension 'ignore'
[0.103s] Level 1:colcon.colcon_core.package_identification:_identify(src/ros2_so_arm100) by extension 'ignore_ament_install'
[0.103s] Level 1:colcon.colcon_core.package_identification:_identify(src/ros2_so_arm100) by extensions ['colcon_pkg']
[0.103s] Level 1:colcon.colcon_core.package_identification:_identify(src/ros2_so_arm100) by extension 'colcon_pkg'
[0.103s] Level 1:colcon.colcon_core.package_identification:_identify(src/ros2_so_arm100) by extensions ['colcon_meta']
[0.103s] Level 1:colcon.colcon_core.package_identification:_identify(src/ros2_so_arm100) by extension 'colcon_meta'
[0.103s] Level 1:colcon.colcon_core.package_identification:_identify(src/ros2_so_arm100) by extensions ['ros']
[0.103s] Level 1:colcon.colcon_core.package_identification:_identify(src/ros2_so_arm100) by extension 'ros'
[0.103s] Level 1:colcon.colcon_core.package_identification:_identify(src/ros2_so_arm100) by extensions ['cmake', 'python']
[0.103s] Level 1:colcon.colcon_core.package_identification:_identify(src/ros2_so_arm100) by extension 'cmake'
[0.103s] Level 1:colcon.colcon_core.package_identification:_identify(src/ros2_so_arm100) by extension 'python'
[0.103s] Level 1:colcon.colcon_core.package_identification:_identify(src/ros2_so_arm100) by extensions ['python_setup_py']
[0.103s] Level 1:colcon.colcon_core.package_identification:_identify(src/ros2_so_arm100) by extension 'python_setup_py'
[0.103s] Level 1:colcon.colcon_core.package_identification:_identify(src/ros2_so_arm100/so_arm100_description) by extensions ['ignore', 'ignore_ament_install']
[0.103s] Level 1:colcon.colcon_core.package_identification:_identify(src/ros2_so_arm100/so_arm100_description) by extension 'ignore'
[0.104s] Level 1:colcon.colcon_core.package_identification:_identify(src/ros2_so_arm100/so_arm100_description) by extension 'ignore_ament_install'
[0.104s] Level 1:colcon.colcon_core.package_identification:_identify(src/ros2_so_arm100/so_arm100_description) by extensions ['colcon_pkg']
[0.104s] Level 1:colcon.colcon_core.package_identification:_identify(src/ros2_so_arm100/so_arm100_description) by extension 'colcon_pkg'
[0.104s] Level 1:colcon.colcon_core.package_identification:_identify(src/ros2_so_arm100/so_arm100_description) by extensions ['colcon_meta']
[0.104s] Level 1:colcon.colcon_core.package_identification:_identify(src/ros2_so_arm100/so_arm100_description) by extension 'colcon_meta'
[0.104s] Level 1:colcon.colcon_core.package_identification:_identify(src/ros2_so_arm100/so_arm100_description) by extensions ['ros']
[0.104s] Level 1:colcon.colcon_core.package_identification:_identify(src/ros2_so_arm100/so_arm100_description) by extension 'ros'
[0.104s] DEBUG:colcon.colcon_core.package_identification:Package 'src/ros2_so_arm100/so_arm100_description' with type 'ros.ament_cmake' and name 'so_arm100_description'
[0.104s] Level 1:colcon.colcon_core.package_identification:_identify(src/ros2_so_arm100/so_arm100_moveit_config) by extensions ['ignore', 'ignore_ament_install']
[0.104s] Level 1:colcon.colcon_core.package_identification:_identify(src/ros2_so_arm100/so_arm100_moveit_config) by extension 'ignore'
[0.104s] Level 1:colcon.colcon_core.package_identification:_identify(src/ros2_so_arm100/so_arm100_moveit_config) by extension 'ignore_ament_install'
[0.104s] Level 1:colcon.colcon_core.package_identification:_identify(src/ros2_so_arm100/so_arm100_moveit_config) by extensions ['colcon_pkg']
[0.104s] Level 1:colcon.colcon_core.package_identification:_identify(src/ros2_so_arm100/so_arm100_moveit_config) by extension 'colcon_pkg'
[0.104s] Level 1:colcon.colcon_core.package_identification:_identify(src/ros2_so_arm100/so_arm100_moveit_config) by extensions ['colcon_meta']
[0.104s] Level 1:colcon.colcon_core.package_identification:_identify(src/ros2_so_arm100/so_arm100_moveit_config) by extension 'colcon_meta'
[0.104s] Level 1:colcon.colcon_core.package_identification:_identify(src/ros2_so_arm100/so_arm100_moveit_config) by extensions ['ros']
[0.104s] Level 1:colcon.colcon_core.package_identification:_identify(src/ros2_so_arm100/so_arm100_moveit_config) by extension 'ros'
[0.104s] DEBUG:colcon.colcon_core.package_identification:Package 'src/ros2_so_arm100/so_arm100_moveit_config' with type 'ros.ament_cmake' and name 'so_arm100_moveit_config'
[0.105s] Level 1:colcon.colcon_core.package_identification:_identify(src/ros2_so_arm100/so_arm101_description) by extensions ['ignore', 'ignore_ament_install']
[0.105s] Level 1:colcon.colcon_core.package_identification:_identify(src/ros2_so_arm100/so_arm101_description) by extension 'ignore'
[0.105s] Level 1:colcon.colcon_core.package_identification:_identify(src/ros2_so_arm100/so_arm101_description) by extension 'ignore_ament_install'
[0.105s] Level 1:colcon.colcon_core.package_identification:_identify(src/ros2_so_arm100/so_arm101_description) by extensions ['colcon_pkg']
[0.105s] Level 1:colcon.colcon_core.package_identification:_identify(src/ros2_so_arm100/so_arm101_description) by extension 'colcon_pkg'
[0.105s] Level 1:colcon.colcon_core.package_identification:_identify(src/ros2_so_arm100/so_arm101_description) by extensions ['colcon_meta']
[0.105s] Level 1:colcon.colcon_core.package_identification:_identify(src/ros2_so_arm100/so_arm101_description) by extension 'colcon_meta'
[0.105s] Level 1:colcon.colcon_core.package_identification:_identify(src/ros2_so_arm100/so_arm101_description) by extensions ['ros']
[0.105s] Level 1:colcon.colcon_core.package_identification:_identify(src/ros2_so_arm100/so_arm101_description) by extension 'ros'
[0.105s] DEBUG:colcon.colcon_core.package_identification:Package 'src/ros2_so_arm100/so_arm101_description' with type 'ros.ament_cmake' and name 'so_arm101_description'
[0.105s] Level 1:colcon.colcon_core.package_identification:_identify(src/ros2_so_arm100/so_arm101_moveit_config) by extensions ['ignore', 'ignore_ament_install']
[0.105s] Level 1:colcon.colcon_core.package_identification:_identify(src/ros2_so_arm100/so_arm101_moveit_config) by extension 'ignore'
[0.105s] Level 1:colcon.colcon_core.package_identification:_identify(src/ros2_so_arm100/so_arm101_moveit_config) by extension 'ignore_ament_install'
[0.105s] Level 1:colcon.colcon_core.package_identification:_identify(src/ros2_so_arm100/so_arm101_moveit_config) by extensions ['colcon_pkg']
[0.105s] Level 1:colcon.colcon_core.package_identification:_identify(src/ros2_so_arm100/so_arm101_moveit_config) by extension 'colcon_pkg'
[0.105s] Level 1:colcon.colcon_core.package_identification:_identify(src/ros2_so_arm100/so_arm101_moveit_config) by extensions ['colcon_meta']
[0.105s] Level 1:colcon.colcon_core.package_identification:_identify(src/ros2_so_arm100/so_arm101_moveit_config) by extension 'colcon_meta'
[0.105s] Level 1:colcon.colcon_core.package_identification:_identify(src/ros2_so_arm100/so_arm101_moveit_config) by extensions ['ros']
[0.105s] Level 1:colcon.colcon_core.package_identification:_identify(src/ros2_so_arm100/so_arm101_moveit_config) by extension 'ros'
[0.106s] DEBUG:colcon.colcon_core.package_identification:Package 'src/ros2_so_arm100/so_arm101_moveit_config' with type 'ros.ament_cmake' and name 'so_arm101_moveit_config'
[0.106s] Level 1:colcon.colcon_core.package_identification:_identify(src/ros2_so_arm100/so_arm_gz) by extensions ['ignore', 'ignore_ament_install']
[0.106s] Level 1:colcon.colcon_core.package_identification:_identify(src/ros2_so_arm100/so_arm_gz) by extension 'ignore'
[0.106s] Level 1:colcon.colcon_core.package_identification:_identify(src/ros2_so_arm100/so_arm_gz) by extension 'ignore_ament_install'
[0.106s] Level 1:colcon.colcon_core.package_identification:_identify(src/ros2_so_arm100/so_arm_gz) by extensions ['colcon_pkg']
[0.106s] Level 1:colcon.colcon_core.package_identification:_identify(src/ros2_so_arm100/so_arm_gz) by extension 'colcon_pkg'
[0.106s] Level 1:colcon.colcon_core.package_identification:_identify(src/ros2_so_arm100/so_arm_gz) by extensions ['colcon_meta']
[0.106s] Level 1:colcon.colcon_core.package_identification:_identify(src/ros2_so_arm100/so_arm_gz) by extension 'colcon_meta'
[0.106s] Level 1:colcon.colcon_core.package_identification:_identify(src/ros2_so_arm100/so_arm_gz) by extensions ['ros']
[0.106s] Level 1:colcon.colcon_core.package_identification:_identify(src/ros2_so_arm100/so_arm_gz) by extension 'ros'
[0.106s] DEBUG:colcon.colcon_core.package_identification:Package 'src/ros2_so_arm100/so_arm_gz' with type 'ros.ament_cmake' and name 'so_arm_gz'
[0.106s] Level 1:colcon.colcon_core.package_identification:_identify(src/ros2_so_arm100/so_arm_utils) by extensions ['ignore', 'ignore_ament_install']
[0.106s] Level 1:colcon.colcon_core.package_identification:_identify(src/ros2_so_arm100/so_arm_utils) by extension 'ignore'
[0.106s] Level 1:colcon.colcon_core.package_identification:_identify(src/ros2_so_arm100/so_arm_utils) by extension 'ignore_ament_install'
[0.106s] Level 1:colcon.colcon_core.package_identification:_identify(src/ros2_so_arm100/so_arm_utils) by extensions ['colcon_pkg']
[0.106s] Level 1:colcon.colcon_core.package_identification:_identify(src/ros2_so_arm100/so_arm_utils) by extension 'colcon_pkg'
[0.106s] Level 1:colcon.colcon_core.package_identification:_identify(src/ros2_so_arm100/so_arm_utils) by extensions ['colcon_meta']
[0.106s] Level 1:colcon.colcon_core.package_identification:_identify(src/ros2_so_arm100/so_arm_utils) by extension 'colcon_meta'
[0.107s] Level 1:colcon.colcon_core.package_identification:_identify(src/ros2_so_arm100/so_arm_utils) by extensions ['ros']
[0.107s] Level 1:colcon.colcon_core.package_identification:_identify(src/ros2_so_arm100/so_arm_utils) by extension 'ros'
[0.107s] DEBUG:colcon.colcon_core.package_identification:Package 'src/ros2_so_arm100/so_arm_utils' with type 'ros.ament_cmake' and name 'so_arm_utils'
[0.107s] Level 1:colcon.colcon_core.package_identification:_identify(src/soarm101_pick_place) by extensions ['ignore', 'ignore_ament_install']
[0.107s] Level 1:colcon.colcon_core.package_identification:_identify(src/soarm101_pick_place) by extension 'ignore'
[0.107s] Level 1:colcon.colcon_core.package_identification:_identify(src/soarm101_pick_place) by extension 'ignore_ament_install'
[0.107s] Level 1:colcon.colcon_core.package_identification:_identify(src/soarm101_pick_place) by extensions ['colcon_pkg']
[0.107s] Level 1:colcon.colcon_core.package_identification:_identify(src/soarm101_pick_place) by extension 'colcon_pkg'
[0.107s] Level 1:colcon.colcon_core.package_identification:_identify(src/soarm101_pick_place) by extensions ['colcon_meta']
[0.107s] Level 1:colcon.colcon_core.package_identification:_identify(src/soarm101_pick_place) by extension 'colcon_meta'
[0.107s] Level 1:colcon.colcon_core.package_identification:_identify(src/soarm101_pick_place) by extensions ['ros']
[0.107s] Level 1:colcon.colcon_core.package_identification:_identify(src/soarm101_pick_place) by extension 'ros'
[0.107s] DEBUG:colcon.colcon_core.package_identification:Package 'src/soarm101_pick_place' with type 'ros.ament_cmake' and name 'soarm101_pick_place'
[0.107s] Level 1:colcon.colcon_core.package_discovery:discover_packages(recursive) using defaults
[0.108s] Level 1:colcon.colcon_core.package_discovery:discover_packages(ignore) discover
[0.108s] Level 1:colcon.colcon_core.package_discovery:discover_packages(ignore) using defaults
[0.108s] Level 1:colcon.colcon_core.package_discovery:discover_packages(path) discover
[0.108s] Level 1:colcon.colcon_core.package_discovery:discover_packages(path) using defaults
[0.119s] INFO:colcon.colcon_core.package_selection:Skipping not selected package 'feetech_ros2_driver' in 'src/feetech_ros2_driver'
[0.119s] INFO:colcon.colcon_core.package_selection:Skipping not selected package 'so_arm_utils' in 'src/ros2_so_arm100/so_arm_utils'
[0.119s] INFO:colcon.colcon_core.package_selection:Skipping not selected package 'so_arm100_description' in 'src/ros2_so_arm100/so_arm100_description'
[0.119s] INFO:colcon.colcon_core.package_selection:Skipping not selected package 'so_arm101_description' in 'src/ros2_so_arm100/so_arm101_description'
[0.119s] INFO:colcon.colcon_core.package_selection:Skipping not selected package 'so_arm100_moveit_config' in 'src/ros2_so_arm100/so_arm100_moveit_config'
[0.119s] INFO:colcon.colcon_core.package_selection:Skipping not selected package 'so_arm101_moveit_config' in 'src/ros2_so_arm100/so_arm101_moveit_config'
[0.119s] INFO:colcon.colcon_core.package_selection:Skipping not selected package 'so_arm_gz' in 'src/ros2_so_arm100/so_arm_gz'
[0.120s] Level 1:colcon.colcon_core.package_discovery:discover_packages(prefix_path) check parameters
[0.120s] Level 1:colcon.colcon_core.package_discovery:discover_packages(prefix_path) discover
[0.121s] DEBUG:colcon.colcon_installed_package_information.package_discovery:Found 7 installed packages in /home/th/soarm101_ros2_moveit/ws/install
[0.122s] DEBUG:colcon.colcon_installed_package_information.package_discovery:Found 355 installed packages in /opt/ros/jazzy
[0.123s] Level 1:colcon.colcon_core.package_discovery:discover_packages(prefix_path) using defaults
[0.149s] Level 5:colcon.colcon_core.verb:set package 'soarm101_pick_place' build argument 'cmake_args' from command line to 'None'
[0.150s] Level 5:colcon.colcon_core.verb:set package 'soarm101_pick_place' build argument 'cmake_target' from command line to 'None'
[0.150s] Level 5:colcon.colcon_core.verb:set package 'soarm101_pick_place' build argument 'cmake_target_skip_unavailable' from command line to 'False'
[0.150s] Level 5:colcon.colcon_core.verb:set package 'soarm101_pick_place' build argument 'cmake_clean_cache' from command line to 'False'
[0.150s] Level 5:colcon.colcon_core.verb:set package 'soarm101_pick_place' build argument 'cmake_clean_first' from command line to 'False'
[0.150s] Level 5:colcon.colcon_core.verb:set package 'soarm101_pick_place' build argument 'cmake_force_configure' from command line to 'False'
[0.150s] Level 5:colcon.colcon_core.verb:set package 'soarm101_pick_place' build argument 'ament_cmake_args' from command line to 'None'
[0.150s] Level 5:colcon.colcon_core.verb:set package 'soarm101_pick_place' build argument 'catkin_cmake_args' from command line to 'None'
[0.150s] Level 5:colcon.colcon_core.verb:set package 'soarm101_pick_place' build argument 'catkin_skip_building_tests' from command line to 'False'
[0.150s] DEBUG:colcon.colcon_core.verb:Building package 'soarm101_pick_place' with the following arguments: {'ament_cmake_args': None, 'build_base': '/home/th/soarm101_ros2_moveit/ws/build/soarm101_pick_place', 'catkin_cmake_args': None, 'catkin_skip_building_tests': False, 'cmake_args': None, 'cmake_clean_cache': False, 'cmake_clean_first': False, 'cmake_force_configure': False, 'cmake_target': None, 'cmake_target_skip_unavailable': False, 'install_base': '/home/th/soarm101_ros2_moveit/ws/install/soarm101_pick_place', 'merge_install': False, 'path': '/home/th/soarm101_ros2_moveit/ws/src/soarm101_pick_place', 'symlink_install': True, 'test_result_base': None}
[0.150s] INFO:colcon.colcon_core.executor:Executing jobs using 'parallel' executor
[0.151s] DEBUG:colcon.colcon_parallel_executor.executor.parallel:run_until_complete
[0.151s] INFO:colcon.colcon_ros.task.ament_cmake.build:Building ROS package in '/home/th/soarm101_ros2_moveit/ws/src/soarm101_pick_place' with build type 'ament_cmake'
[0.151s] INFO:colcon.colcon_cmake.task.cmake.build:Building CMake package in '/home/th/soarm101_ros2_moveit/ws/src/soarm101_pick_place'
[0.152s] INFO:colcon.colcon_core.plugin_system:Skipping extension 'colcon_core.shell.bat': Not used on non-Windows systems
[0.152s] INFO:colcon.colcon_core.shell:Skip shell extension 'powershell' for command environment: Not usable outside of PowerShell
[0.152s] DEBUG:colcon.colcon_core.shell:Skip shell extension 'dsv' for command environment
[0.165s] DEBUG:colcon.colcon_core.event_handler.log_command:Invoking command in '/home/th/soarm101_ros2_moveit/ws/build/soarm101_pick_place': CMAKE_PREFIX_PATH=/home/th/soarm101_ros2_moveit/ws/install/so_arm101_moveit_config:/home/th/soarm101_ros2_moveit/ws/install/so_arm101_description:/home/th/soarm101_ros2_moveit/ws/install/so_arm_utils:/home/th/soarm101_ros2_moveit/ws/install/feetech_ros2_driver:/home/th/soarm101_ros2_moveit/ws/install/so_arm_gz:/home/th/soarm101_ros2_moveit/ws/install/so_arm100_moveit_config:/home/th/soarm101_ros2_moveit/ws/install/so_arm100_description:/opt/ros/jazzy/opt/sdformat_vendor:/opt/ros/jazzy/opt/gz_math_vendor:/opt/ros/jazzy/opt/gz_utils_vendor:/opt/ros/jazzy/opt/gz_tools_vendor:/opt/ros/jazzy/opt/gz_cmake_vendor:/opt/ros/jazzy DEBUGINFOD_URLS=https://debuginfod.ubuntu.com /usr/bin/cmake /home/th/soarm101_ros2_moveit/ws/src/soarm101_pick_place -DAMENT_CMAKE_SYMLINK_INSTALL=1 -DCMAKE_INSTALL_PREFIX=/home/th/soarm101_ros2_moveit/ws/install/soarm101_pick_place
[0.687s] DEBUG:colcon.colcon_core.event_handler.log_command:Invoked command in '/home/th/soarm101_ros2_moveit/ws/build/soarm101_pick_place' returned '0': CMAKE_PREFIX_PATH=/home/th/soarm101_ros2_moveit/ws/install/so_arm101_moveit_config:/home/th/soarm101_ros2_moveit/ws/install/so_arm101_description:/home/th/soarm101_ros2_moveit/ws/install/so_arm_utils:/home/th/soarm101_ros2_moveit/ws/install/feetech_ros2_driver:/home/th/soarm101_ros2_moveit/ws/install/so_arm_gz:/home/th/soarm101_ros2_moveit/ws/install/so_arm100_moveit_config:/home/th/soarm101_ros2_moveit/ws/install/so_arm100_description:/opt/ros/jazzy/opt/sdformat_vendor:/opt/ros/jazzy/opt/gz_math_vendor:/opt/ros/jazzy/opt/gz_utils_vendor:/opt/ros/jazzy/opt/gz_tools_vendor:/opt/ros/jazzy/opt/gz_cmake_vendor:/opt/ros/jazzy DEBUGINFOD_URLS=https://debuginfod.ubuntu.com /usr/bin/cmake /home/th/soarm101_ros2_moveit/ws/src/soarm101_pick_place -DAMENT_CMAKE_SYMLINK_INSTALL=1 -DCMAKE_INSTALL_PREFIX=/home/th/soarm101_ros2_moveit/ws/install/soarm101_pick_place
[0.688s] DEBUG:colcon.colcon_core.event_handler.log_command:Invoking command in '/home/th/soarm101_ros2_moveit/ws/build/soarm101_pick_place': CMAKE_PREFIX_PATH=/home/th/soarm101_ros2_moveit/ws/install/so_arm101_moveit_config:/home/th/soarm101_ros2_moveit/ws/install/so_arm101_description:/home/th/soarm101_ros2_moveit/ws/install/so_arm_utils:/home/th/soarm101_ros2_moveit/ws/install/feetech_ros2_driver:/home/th/soarm101_ros2_moveit/ws/install/so_arm_gz:/home/th/soarm101_ros2_moveit/ws/install/so_arm100_moveit_config:/home/th/soarm101_ros2_moveit/ws/install/so_arm100_description:/opt/ros/jazzy/opt/sdformat_vendor:/opt/ros/jazzy/opt/gz_math_vendor:/opt/ros/jazzy/opt/gz_utils_vendor:/opt/ros/jazzy/opt/gz_tools_vendor:/opt/ros/jazzy/opt/gz_cmake_vendor:/opt/ros/jazzy DEBUGINFOD_URLS=https://debuginfod.ubuntu.com /usr/bin/cmake --build /home/th/soarm101_ros2_moveit/ws/build/soarm101_pick_place -- -j16 -l16
[0.717s] DEBUG:colcon.colcon_core.event_handler.log_command:Invoked command in '/home/th/soarm101_ros2_moveit/ws/build/soarm101_pick_place' returned '0': CMAKE_PREFIX_PATH=/home/th/soarm101_ros2_moveit/ws/install/so_arm101_moveit_config:/home/th/soarm101_ros2_moveit/ws/install/so_arm101_description:/home/th/soarm101_ros2_moveit/ws/install/so_arm_utils:/home/th/soarm101_ros2_moveit/ws/install/feetech_ros2_driver:/home/th/soarm101_ros2_moveit/ws/install/so_arm_gz:/home/th/soarm101_ros2_moveit/ws/install/so_arm100_moveit_config:/home/th/soarm101_ros2_moveit/ws/install/so_arm100_description:/opt/ros/jazzy/opt/sdformat_vendor:/opt/ros/jazzy/opt/gz_math_vendor:/opt/ros/jazzy/opt/gz_utils_vendor:/opt/ros/jazzy/opt/gz_tools_vendor:/opt/ros/jazzy/opt/gz_cmake_vendor:/opt/ros/jazzy DEBUGINFOD_URLS=https://debuginfod.ubuntu.com /usr/bin/cmake --build /home/th/soarm101_ros2_moveit/ws/build/soarm101_pick_place -- -j16 -l16
[0.726s] DEBUG:colcon.colcon_core.event_handler.log_command:Invoking command in '/home/th/soarm101_ros2_moveit/ws/build/soarm101_pick_place': CMAKE_PREFIX_PATH=/home/th/soarm101_ros2_moveit/ws/install/so_arm101_moveit_config:/home/th/soarm101_ros2_moveit/ws/install/so_arm101_description:/home/th/soarm101_ros2_moveit/ws/install/so_arm_utils:/home/th/soarm101_ros2_moveit/ws/install/feetech_ros2_driver:/home/th/soarm101_ros2_moveit/ws/install/so_arm_gz:/home/th/soarm101_ros2_moveit/ws/install/so_arm100_moveit_config:/home/th/soarm101_ros2_moveit/ws/install/so_arm100_description:/opt/ros/jazzy/opt/sdformat_vendor:/opt/ros/jazzy/opt/gz_math_vendor:/opt/ros/jazzy/opt/gz_utils_vendor:/opt/ros/jazzy/opt/gz_tools_vendor:/opt/ros/jazzy/opt/gz_cmake_vendor:/opt/ros/jazzy DEBUGINFOD_URLS=https://debuginfod.ubuntu.com /usr/bin/cmake --install /home/th/soarm101_ros2_moveit/ws/build/soarm101_pick_place
[0.904s] Level 1:colcon.colcon_core.environment:create_environment_scripts_only(soarm101_pick_place)
[0.904s] DEBUG:colcon.colcon_core.event_handler.log_command:Invoked command in '/home/th/soarm101_ros2_moveit/ws/build/soarm101_pick_place' returned '0': CMAKE_PREFIX_PATH=/home/th/soarm101_ros2_moveit/ws/install/so_arm101_moveit_config:/home/th/soarm101_ros2_moveit/ws/install/so_arm101_description:/home/th/soarm101_ros2_moveit/ws/install/so_arm_utils:/home/th/soarm101_ros2_moveit/ws/install/feetech_ros2_driver:/home/th/soarm101_ros2_moveit/ws/install/so_arm_gz:/home/th/soarm101_ros2_moveit/ws/install/so_arm100_moveit_config:/home/th/soarm101_ros2_moveit/ws/install/so_arm100_description:/opt/ros/jazzy/opt/sdformat_vendor:/opt/ros/jazzy/opt/gz_math_vendor:/opt/ros/jazzy/opt/gz_utils_vendor:/opt/ros/jazzy/opt/gz_tools_vendor:/opt/ros/jazzy/opt/gz_cmake_vendor:/opt/ros/jazzy DEBUGINFOD_URLS=https://debuginfod.ubuntu.com /usr/bin/cmake --install /home/th/soarm101_ros2_moveit/ws/build/soarm101_pick_place
[0.906s] Level 1:colcon.colcon_core.environment:checking '/home/th/soarm101_ros2_moveit/ws/install/soarm101_pick_place' for CMake module files
[0.906s] Level 1:colcon.colcon_core.environment:checking '/home/th/soarm101_ros2_moveit/ws/install/soarm101_pick_place' for CMake config files
[0.906s] Level 1:colcon.colcon_core.shell:create_environment_hook('soarm101_pick_place', 'cmake_prefix_path')
[0.907s] INFO:colcon.colcon_core.shell:Creating environment hook '/home/th/soarm101_ros2_moveit/ws/install/soarm101_pick_place/share/soarm101_pick_place/hook/cmake_prefix_path.ps1'
[0.907s] INFO:colcon.colcon_core.shell:Creating environment descriptor '/home/th/soarm101_ros2_moveit/ws/install/soarm101_pick_place/share/soarm101_pick_place/hook/cmake_prefix_path.dsv'
[0.907s] INFO:colcon.colcon_core.shell:Creating environment hook '/home/th/soarm101_ros2_moveit/ws/install/soarm101_pick_place/share/soarm101_pick_place/hook/cmake_prefix_path.sh'
[0.908s] Level 1:colcon.colcon_core.environment:checking '/home/th/soarm101_ros2_moveit/ws/install/soarm101_pick_place/lib'
[0.908s] Level 1:colcon.colcon_core.environment:checking '/home/th/soarm101_ros2_moveit/ws/install/soarm101_pick_place/bin'
[0.908s] Level 1:colcon.colcon_core.environment:checking '/home/th/soarm101_ros2_moveit/ws/install/soarm101_pick_place/lib/pkgconfig/soarm101_pick_place.pc'
[0.908s] Level 1:colcon.colcon_core.environment:checking '/home/th/soarm101_ros2_moveit/ws/install/soarm101_pick_place/lib/python3.12/site-packages'
[0.908s] Level 1:colcon.colcon_core.environment:checking '/home/th/soarm101_ros2_moveit/ws/install/soarm101_pick_place/bin'
[0.909s] INFO:colcon.colcon_core.shell:Creating package script '/home/th/soarm101_ros2_moveit/ws/install/soarm101_pick_place/share/soarm101_pick_place/package.ps1'
[0.909s] INFO:colcon.colcon_core.shell:Creating package descriptor '/home/th/soarm101_ros2_moveit/ws/install/soarm101_pick_place/share/soarm101_pick_place/package.dsv'
[0.909s] INFO:colcon.colcon_core.shell:Creating package script '/home/th/soarm101_ros2_moveit/ws/install/soarm101_pick_place/share/soarm101_pick_place/package.sh'
[0.910s] INFO:colcon.colcon_core.shell:Creating package script '/home/th/soarm101_ros2_moveit/ws/install/soarm101_pick_place/share/soarm101_pick_place/package.bash'
[0.910s] INFO:colcon.colcon_core.shell:Creating package script '/home/th/soarm101_ros2_moveit/ws/install/soarm101_pick_place/share/soarm101_pick_place/package.zsh'
[0.910s] Level 1:colcon.colcon_core.environment:create_file_with_runtime_dependencies(/home/th/soarm101_ros2_moveit/ws/install/soarm101_pick_place/share/colcon-core/packages/soarm101_pick_place)
[0.911s] Level 1:colcon.colcon_core.environment:create_environment_scripts_only(soarm101_pick_place)
[0.911s] Level 1:colcon.colcon_core.environment:checking '/home/th/soarm101_ros2_moveit/ws/install/soarm101_pick_place' for CMake module files
[0.911s] Level 1:colcon.colcon_core.environment:checking '/home/th/soarm101_ros2_moveit/ws/install/soarm101_pick_place' for CMake config files
[0.911s] Level 1:colcon.colcon_core.shell:create_environment_hook('soarm101_pick_place', 'cmake_prefix_path')
[0.911s] INFO:colcon.colcon_core.shell:Creating environment hook '/home/th/soarm101_ros2_moveit/ws/install/soarm101_pick_place/share/soarm101_pick_place/hook/cmake_prefix_path.ps1'
[0.911s] INFO:colcon.colcon_core.shell:Creating environment descriptor '/home/th/soarm101_ros2_moveit/ws/install/soarm101_pick_place/share/soarm101_pick_place/hook/cmake_prefix_path.dsv'
[0.912s] INFO:colcon.colcon_core.shell:Creating environment hook '/home/th/soarm101_ros2_moveit/ws/install/soarm101_pick_place/share/soarm101_pick_place/hook/cmake_prefix_path.sh'
[0.912s] Level 1:colcon.colcon_core.environment:checking '/home/th/soarm101_ros2_moveit/ws/install/soarm101_pick_place/lib'
[0.912s] Level 1:colcon.colcon_core.environment:checking '/home/th/soarm101_ros2_moveit/ws/install/soarm101_pick_place/bin'
[0.912s] Level 1:colcon.colcon_core.environment:checking '/home/th/soarm101_ros2_moveit/ws/install/soarm101_pick_place/lib/pkgconfig/soarm101_pick_place.pc'
[0.912s] Level 1:colcon.colcon_core.environment:checking '/home/th/soarm101_ros2_moveit/ws/install/soarm101_pick_place/lib/python3.12/site-packages'
[0.912s] Level 1:colcon.colcon_core.environment:checking '/home/th/soarm101_ros2_moveit/ws/install/soarm101_pick_place/bin'
[0.912s] INFO:colcon.colcon_core.shell:Creating package script '/home/th/soarm101_ros2_moveit/ws/install/soarm101_pick_place/share/soarm101_pick_place/package.ps1'
[0.913s] INFO:colcon.colcon_core.shell:Creating package descriptor '/home/th/soarm101_ros2_moveit/ws/install/soarm101_pick_place/share/soarm101_pick_place/package.dsv'
[0.913s] INFO:colcon.colcon_core.shell:Creating package script '/home/th/soarm101_ros2_moveit/ws/install/soarm101_pick_place/share/soarm101_pick_place/package.sh'
[0.913s] INFO:colcon.colcon_core.shell:Creating package script '/home/th/soarm101_ros2_moveit/ws/install/soarm101_pick_place/share/soarm101_pick_place/package.bash'
[0.913s] INFO:colcon.colcon_core.shell:Creating package script '/home/th/soarm101_ros2_moveit/ws/install/soarm101_pick_place/share/soarm101_pick_place/package.zsh'
[0.913s] Level 1:colcon.colcon_core.environment:create_file_with_runtime_dependencies(/home/th/soarm101_ros2_moveit/ws/install/soarm101_pick_place/share/colcon-core/packages/soarm101_pick_place)
[0.914s] DEBUG:colcon.colcon_parallel_executor.executor.parallel:closing loop
[0.914s] DEBUG:colcon.colcon_parallel_executor.executor.parallel:loop closed
[0.914s] DEBUG:colcon.colcon_parallel_executor.executor.parallel:run_until_complete finished with '0'
[0.914s] DEBUG:colcon.colcon_core.event_reactor:joining thread
[0.917s] INFO:colcon.colcon_core.plugin_system:Skipping extension 'colcon_notification.desktop_notification.terminal_notifier': Not used on non-Darwin systems
[0.917s] INFO:colcon.colcon_core.plugin_system:Skipping extension 'colcon_notification.desktop_notification.win32': Not used on non-Windows systems
[0.917s] INFO:colcon.colcon_notification.desktop_notification:Sending desktop notification using 'notify2'
[0.926s] DEBUG:colcon.colcon_core.event_reactor:joined thread
[0.926s] INFO:colcon.colcon_core.shell:Creating prefix script '/home/th/soarm101_ros2_moveit/ws/install/local_setup.ps1'
[0.927s] INFO:colcon.colcon_core.shell:Creating prefix util module '/home/th/soarm101_ros2_moveit/ws/install/_local_setup_util_ps1.py'
[0.928s] INFO:colcon.colcon_core.shell:Creating prefix chain script '/home/th/soarm101_ros2_moveit/ws/install/setup.ps1'
[0.928s] INFO:colcon.colcon_core.shell:Creating prefix script '/home/th/soarm101_ros2_moveit/ws/install/local_setup.sh'
[0.928s] INFO:colcon.colcon_core.shell:Creating prefix util module '/home/th/soarm101_ros2_moveit/ws/install/_local_setup_util_sh.py'
[0.929s] INFO:colcon.colcon_core.shell:Creating prefix chain script '/home/th/soarm101_ros2_moveit/ws/install/setup.sh'
[0.929s] INFO:colcon.colcon_core.shell:Creating prefix script '/home/th/soarm101_ros2_moveit/ws/install/local_setup.bash'
[0.930s] INFO:colcon.colcon_core.shell:Creating prefix chain script '/home/th/soarm101_ros2_moveit/ws/install/setup.bash'
[0.930s] INFO:colcon.colcon_core.shell:Creating prefix script '/home/th/soarm101_ros2_moveit/ws/install/local_setup.zsh'
[0.930s] INFO:colcon.colcon_core.shell:Creating prefix chain script '/home/th/soarm101_ros2_moveit/ws/install/setup.zsh'
