[0.007s] Invoking command in '/home/th/soarm101_ros2_moveit/ws/build/feetech_ros2_driver': CMAKE_PREFIX_PATH=${CMAKE_PREFIX_PATH}:/opt/ros/jazzy DEBUGINFOD_URLS=https://debuginfod.ubuntu.com /usr/bin/cmake /home/th/soarm101_ros2_moveit/ws/src/feetech_ros2_driver -DAMENT_CMAKE_SYMLINK_INSTALL=1 -DCMAKE_INSTALL_PREFIX=/home/th/soarm101_ros2_moveit/ws/install/feetech_ros2_driver
[0.134s] -- The C compiler identification is GNU 13.3.0
[0.212s] -- The CXX compiler identification is GNU 13.3.0
[0.230s] -- Detecting C compiler ABI info
[0.307s] -- Detecting C compiler ABI info - done
[0.313s] -- Check for working C compiler: /usr/bin/cc - skipped
[0.313s] -- Detecting C compile features
[0.313s] -- Detecting C compile features - done
[0.323s] -- Detecting CXX compiler ABI info
[0.395s] -- Detecting CXX compiler ABI info - done
[0.401s] -- Check for working CXX compiler: /usr/bin/c++ - skipped
[0.401s] -- Detecting CXX compile features
[0.401s] -- Detecting CXX compile features - done
[0.408s] -- Performing Test CMAKE_HAVE_LIBC_PTHREAD
[0.484s] -- Performing Test CMAKE_HAVE_LIBC_PTHREAD - Success
[0.485s] -- Found Threads: TRUE  
[0.494s] CMake Error at feetech_driver/CMakeLists.txt:36 (find_package):
[0.495s]   By not providing "Findrange-v3.cmake" in CMAKE_MODULE_PATH this project has
[0.495s]   asked CMake to find a package configuration file provided by "range-v3",
[0.495s]   but CMake did not find one.
[0.495s] 
[0.495s]   Could not find a package configuration file provided by "range-v3" with any
[0.495s]   of the following names:
[0.495s] 
[0.495s]     range-v3Config.cmake
[0.495s]     range-v3-config.cmake
[0.495s] 
[0.495s]   Add the installation prefix of "range-v3" to CMAKE_PREFIX_PATH or set
[0.495s]   "range-v3_DIR" to a directory containing one of the above files.  If
[0.495s]   "range-v3" provides a separate development package or SDK, be sure it has
[0.495s]   been installed.
[0.495s] 
[0.495s] 
[0.495s] -- Configuring incomplete, errors occurred!
[0.499s] Invoked command in '/home/th/soarm101_ros2_moveit/ws/build/feetech_ros2_driver' returned '1': CMAKE_PREFIX_PATH=${CMAKE_PREFIX_PATH}:/opt/ros/jazzy DEBUGINFOD_URLS=https://debuginfod.ubuntu.com /usr/bin/cmake /home/th/soarm101_ros2_moveit/ws/src/feetech_ros2_driver -DAMENT_CMAKE_SYMLINK_INSTALL=1 -DCMAKE_INSTALL_PREFIX=/home/th/soarm101_ros2_moveit/ws/install/feetech_ros2_driver
