[0.005s] Invoking command in '/home/th/soarm101_ros2_moveit/ws/build/so_arm_utils': CMAKE_PREFIX_PATH=${CMAKE_PREFIX_PATH}:/opt/ros/jazzy DEBUGINFOD_URLS=https://debuginfod.ubuntu.com /usr/bin/cmake --build /home/th/soarm101_ros2_moveit/ws/build/so_arm_utils -- -j16 -l16
[0.050s] Built target ament_cmake_python_symlink_so_arm_utils
[0.172s] running install_scripts
[0.176s] running egg_info
[0.177s] creating so_arm_utils.egg-info
[0.187s] writing so_arm_utils.egg-info/PKG-INFO
[0.187s] writing dependency_links to so_arm_utils.egg-info/dependency_links.txt
[0.187s] writing top-level names to so_arm_utils.egg-info/top_level.txt
[0.187s] writing manifest file 'so_arm_utils.egg-info/SOURCES.txt'
[0.194s] /usr/lib/python3/dist-packages/setuptools/_distutils/cmd.py:66: SetuptoolsDeprecationWarning: setup.py install is deprecated.
[0.194s] !!
[0.194s] 
[0.194s]         ********************************************************************************
[0.194s]         Please avoid running ``setup.py`` directly.
[0.194s]         Instead, use pypa/build, pypa/installer or other
[0.195s]         standards-based tools.
[0.195s] 
[0.195s]         See https://blog.ganssle.io/articles/2021/10/setup-py-deprecated.html for details.
[0.195s]         ********************************************************************************
[0.195s] 
[0.195s] !!
[0.195s]   self.initialize_options()
[0.198s] running egg_info
[0.215s] reading manifest file 'so_arm_utils.egg-info/SOURCES.txt'
[0.216s] writing manifest file 'so_arm_utils.egg-info/SOURCES.txt'
[0.220s] writing so_arm_utils.egg-info/PKG-INFO
[0.220s] writing dependency_links to so_arm_utils.egg-info/dependency_links.txt
[0.220s] writing top-level names to so_arm_utils.egg-info/top_level.txt
[0.239s] Built target ament_cmake_python_build_so_arm_utils_egg
[0.241s] reading manifest file 'so_arm_utils.egg-info/SOURCES.txt'
[0.241s] writing manifest file 'so_arm_utils.egg-info/SOURCES.txt'
[0.331s] Built target ament_cmake_python_build_so_arm_utils_scripts
[0.341s] Invoked command in '/home/th/soarm101_ros2_moveit/ws/build/so_arm_utils' returned '0': CMAKE_PREFIX_PATH=${CMAKE_PREFIX_PATH}:/opt/ros/jazzy DEBUGINFOD_URLS=https://debuginfod.ubuntu.com /usr/bin/cmake --build /home/th/soarm101_ros2_moveit/ws/build/so_arm_utils -- -j16 -l16
[0.348s] Invoking command in '/home/th/soarm101_ros2_moveit/ws/build/so_arm_utils': CMAKE_PREFIX_PATH=${CMAKE_PREFIX_PATH}:/opt/ros/jazzy DEBUGINFOD_URLS=https://debuginfod.ubuntu.com /usr/bin/cmake --install /home/th/soarm101_ros2_moveit/ws/build/so_arm_utils
[0.354s] -- Install configuration: ""
[0.354s] -- Execute custom install script
[0.354s] -- Symlinking: /home/th/soarm101_ros2_moveit/ws/install/so_arm_utils/share/so_arm_utils/environment/pythonpath.sh
[0.361s] -- Symlinking: /home/th/soarm101_ros2_moveit/ws/install/so_arm_utils/share/so_arm_utils/environment/pythonpath.dsv
[0.369s] -- Symlinking: /home/th/soarm101_ros2_moveit/ws/install/so_arm_utils/lib/python3.12/site-packages/so_arm_utils-0.0.0-py3.12.egg-info/PKG-INFO
[0.378s] -- Symlinking: /home/th/soarm101_ros2_moveit/ws/install/so_arm_utils/lib/python3.12/site-packages/so_arm_utils-0.0.0-py3.12.egg-info/SOURCES.txt
[0.386s] -- Symlinking: /home/th/soarm101_ros2_moveit/ws/install/so_arm_utils/lib/python3.12/site-packages/so_arm_utils-0.0.0-py3.12.egg-info/dependency_links.txt
[0.393s] -- Symlinking: /home/th/soarm101_ros2_moveit/ws/install/so_arm_utils/lib/python3.12/site-packages/so_arm_utils-0.0.0-py3.12.egg-info/top_level.txt
[0.399s] -- Symlinking: /home/th/soarm101_ros2_moveit/ws/install/so_arm_utils/lib/python3.12/site-packages/so_arm_utils/__init__.py
[0.406s] -- Symlinking: /home/th/soarm101_ros2_moveit/ws/install/so_arm_utils/lib/python3.12/site-packages/so_arm_utils/constants.py
[0.411s] -- Symlinking: /home/th/soarm101_ros2_moveit/ws/install/so_arm_utils/lib/python3.12/site-packages/so_arm_utils/launch_utils.py
[0.419s] -- Symlinking: /home/th/soarm101_ros2_moveit/ws/install/so_arm_utils/share/ament_index/resource_index/package_run_dependencies/so_arm_utils
[0.428s] -- Symlinking: /home/th/soarm101_ros2_moveit/ws/install/so_arm_utils/share/ament_index/resource_index/parent_prefix_path/so_arm_utils
[0.434s] -- Symlinking: /home/th/soarm101_ros2_moveit/ws/install/so_arm_utils/share/so_arm_utils/environment/ament_prefix_path.sh
[0.441s] -- Symlinking: /home/th/soarm101_ros2_moveit/ws/install/so_arm_utils/share/so_arm_utils/environment/ament_prefix_path.dsv
[0.447s] -- Symlinking: /home/th/soarm101_ros2_moveit/ws/install/so_arm_utils/share/so_arm_utils/environment/path.sh
[0.455s] -- Symlinking: /home/th/soarm101_ros2_moveit/ws/install/so_arm_utils/share/so_arm_utils/environment/path.dsv
[0.461s] -- Symlinking: /home/th/soarm101_ros2_moveit/ws/install/so_arm_utils/share/so_arm_utils/local_setup.bash
[0.469s] -- Symlinking: /home/th/soarm101_ros2_moveit/ws/install/so_arm_utils/share/so_arm_utils/local_setup.sh
[0.479s] -- Symlinking: /home/th/soarm101_ros2_moveit/ws/install/so_arm_utils/share/so_arm_utils/local_setup.zsh
[0.485s] -- Symlinking: /home/th/soarm101_ros2_moveit/ws/install/so_arm_utils/share/so_arm_utils/local_setup.dsv
[0.491s] -- Symlinking: /home/th/soarm101_ros2_moveit/ws/install/so_arm_utils/share/so_arm_utils/package.dsv
[0.498s] -- Symlinking: /home/th/soarm101_ros2_moveit/ws/install/so_arm_utils/share/ament_index/resource_index/packages/so_arm_utils
[0.505s] -- Symlinking: /home/th/soarm101_ros2_moveit/ws/install/so_arm_utils/share/so_arm_utils/cmake/so_arm_utilsConfig.cmake
[0.512s] -- Symlinking: /home/th/soarm101_ros2_moveit/ws/install/so_arm_utils/share/so_arm_utils/cmake/so_arm_utilsConfig-version.cmake
[0.520s] -- Symlinking: /home/th/soarm101_ros2_moveit/ws/install/so_arm_utils/share/so_arm_utils/package.xml
[0.553s] Listing '/home/th/soarm101_ros2_moveit/ws/install/so_arm_utils/lib/python3.12/site-packages/so_arm_utils'...
[0.553s] Compiling '/home/th/soarm101_ros2_moveit/ws/install/so_arm_utils/lib/python3.12/site-packages/so_arm_utils/__init__.py'...
[0.553s] Compiling '/home/th/soarm101_ros2_moveit/ws/install/so_arm_utils/lib/python3.12/site-packages/so_arm_utils/constants.py'...
[0.553s] Compiling '/home/th/soarm101_ros2_moveit/ws/install/so_arm_utils/lib/python3.12/site-packages/so_arm_utils/launch_utils.py'...
[0.559s] Invoked command in '/home/th/soarm101_ros2_moveit/ws/build/so_arm_utils' returned '0': CMAKE_PREFIX_PATH=${CMAKE_PREFIX_PATH}:/opt/ros/jazzy DEBUGINFOD_URLS=https://debuginfod.ubuntu.com /usr/bin/cmake --install /home/th/soarm101_ros2_moveit/ws/build/so_arm_utils
