-- Found ament_cmake: 2.5.6 (/opt/ros/jazzy/share/ament_cmake/cmake)
-- Override CMake install command with custom implementation using symlinks instead of copying resources
-- Configuring done (0.2s)
-- Generating done (0.0s)
-- Build files have been written to: /home/th/soarm101_ros2_moveit/ws/build/soarm101_pick_place
-- Install configuration: ""
-- Execute custom install script
-- Up-to-date symlink: /home/th/soarm101_ros2_moveit/ws/install/soarm101_pick_place/share/soarm101_pick_place/config/cam_to_robot.yaml
-- Up-to-date symlink: /home/th/soarm101_ros2_moveit/ws/install/soarm101_pick_place/share/soarm101_pick_place/config/camera_intrinsics.yaml
-- Up-to-date symlink: /home/th/soarm101_ros2_moveit/ws/install/soarm101_pick_place/share/soarm101_pick_place/launch/camera_aruco.launch.py
-- Symlinking: /home/th/soarm101_ros2_moveit/ws/install/soarm101_pick_place/share/soarm101_pick_place/launch/digital_twin.launch.py
-- Up-to-date symlink: /home/th/soarm101_ros2_moveit/ws/install/soarm101_pick_place/share/soarm101_pick_place/launch/gazebo_moveit.launch.py
-- Up-to-date symlink: /home/th/soarm101_ros2_moveit/ws/install/soarm101_pick_place/share/soarm101_pick_place/launch/pick_place.launch.py
-- Up-to-date symlink: /home/th/soarm101_ros2_moveit/ws/install/soarm101_pick_place/lib/soarm101_pick_place/camera_bridge_node.py
-- Up-to-date symlink: /home/th/soarm101_ros2_moveit/ws/install/soarm101_pick_place/lib/soarm101_pick_place/aruco_detector_node.py
-- Up-to-date symlink: /home/th/soarm101_ros2_moveit/ws/install/soarm101_pick_place/lib/soarm101_pick_place/pick_place_node.py
-- Up-to-date symlink: /home/th/soarm101_ros2_moveit/ws/install/soarm101_pick_place/lib/soarm101_pick_place/calibrate_hand_eye_node.py
-- Symlinking: /home/th/soarm101_ros2_moveit/ws/install/soarm101_pick_place/lib/soarm101_pick_place/spawn_objects.py
-- Symlinking: /home/th/soarm101_ros2_moveit/ws/install/soarm101_pick_place/lib/soarm101_pick_place/gz_05_digital_twin.py
-- Up-to-date symlink: /home/th/soarm101_ros2_moveit/ws/install/soarm101_pick_place/share/ament_index/resource_index/package_run_dependencies/soarm101_pick_place
-- Up-to-date symlink: /home/th/soarm101_ros2_moveit/ws/install/soarm101_pick_place/share/ament_index/resource_index/parent_prefix_path/soarm101_pick_place
-- Up-to-date symlink: /home/th/soarm101_ros2_moveit/ws/install/soarm101_pick_place/share/soarm101_pick_place/environment/ament_prefix_path.sh
-- Up-to-date symlink: /home/th/soarm101_ros2_moveit/ws/install/soarm101_pick_place/share/soarm101_pick_place/environment/ament_prefix_path.dsv
-- Up-to-date symlink: /home/th/soarm101_ros2_moveit/ws/install/soarm101_pick_place/share/soarm101_pick_place/environment/path.sh
-- Up-to-date symlink: /home/th/soarm101_ros2_moveit/ws/install/soarm101_pick_place/share/soarm101_pick_place/environment/path.dsv
-- Up-to-date symlink: /home/th/soarm101_ros2_moveit/ws/install/soarm101_pick_place/share/soarm101_pick_place/local_setup.bash
-- Up-to-date symlink: /home/th/soarm101_ros2_moveit/ws/install/soarm101_pick_place/share/soarm101_pick_place/local_setup.sh
-- Up-to-date symlink: /home/th/soarm101_ros2_moveit/ws/install/soarm101_pick_place/share/soarm101_pick_place/local_setup.zsh
-- Up-to-date symlink: /home/th/soarm101_ros2_moveit/ws/install/soarm101_pick_place/share/soarm101_pick_place/local_setup.dsv
-- Symlinking: /home/th/soarm101_ros2_moveit/ws/install/soarm101_pick_place/share/soarm101_pick_place/package.dsv
-- Up-to-date symlink: /home/th/soarm101_ros2_moveit/ws/install/soarm101_pick_place/share/ament_index/resource_index/packages/soarm101_pick_place
-- Up-to-date symlink: /home/th/soarm101_ros2_moveit/ws/install/soarm101_pick_place/share/soarm101_pick_place/cmake/soarm101_pick_placeConfig.cmake
-- Up-to-date symlink: /home/th/soarm101_ros2_moveit/ws/install/soarm101_pick_place/share/soarm101_pick_place/cmake/soarm101_pick_placeConfig-version.cmake
-- Up-to-date symlink: /home/th/soarm101_ros2_moveit/ws/install/soarm101_pick_place/share/soarm101_pick_place/package.xml
