-- The C compiler identification is GNU 13.3.0
-- The CXX compiler identification is GNU 13.3.0
-- Detecting C compiler ABI info
-- Detecting C compiler ABI info - done
-- Check for working C compiler: /usr/bin/cc - skipped
-- Detecting C compile features
-- Detecting C compile features - done
-- Detecting CXX compiler ABI info
-- Detecting CXX compiler ABI info - done
-- Check for working CXX compiler: /usr/bin/c++ - skipped
-- Detecting CXX compile features
-- Detecting CXX compile features - done
-- Found ament_cmake: 2.5.6 (/opt/ros/jazzy/share/ament_cmake/cmake)
-- Found Python3: /usr/bin/python3 (found version "3.12.3") found components: Interpreter 
-- Override CMake install command with custom implementation using symlinks instead of copying resources
-- Configuring done (0.5s)
-- Generating done (0.0s)
-- Build files have been written to: /home/th/soarm101_ros2_moveit/ws/build/so_arm100_moveit_config
-- Install configuration: ""
-- Execute custom install script
-- Symlinking: /home/th/soarm101_ros2_moveit/ws/install/so_arm100_moveit_config/share/so_arm100_moveit_config/launch/demo.launch.py
-- Symlinking: /home/th/soarm101_ros2_moveit/ws/install/so_arm100_moveit_config/share/so_arm100_moveit_config/launch/move_group.launch.py
-- Symlinking: /home/th/soarm101_ros2_moveit/ws/install/so_arm100_moveit_config/share/so_arm100_moveit_config/launch/moveit_rviz.launch.py
-- Symlinking: /home/th/soarm101_ros2_moveit/ws/install/so_arm100_moveit_config/share/so_arm100_moveit_config/rviz/move_group.rviz
-- Up-to-date symlink: /home/th/soarm101_ros2_moveit/ws/install/so_arm100_moveit_config/share/so_arm100_moveit_config/launch/demo.launch.py
-- Up-to-date symlink: /home/th/soarm101_ros2_moveit/ws/install/so_arm100_moveit_config/share/so_arm100_moveit_config/launch/move_group.launch.py
-- Up-to-date symlink: /home/th/soarm101_ros2_moveit/ws/install/so_arm100_moveit_config/share/so_arm100_moveit_config/launch/moveit_rviz.launch.py
-- Symlinking: /home/th/soarm101_ros2_moveit/ws/install/so_arm100_moveit_config/share/so_arm100_moveit_config/config/joint_limits.yaml
-- Symlinking: /home/th/soarm101_ros2_moveit/ws/install/so_arm100_moveit_config/share/so_arm100_moveit_config/config/kinematics.yaml
-- Symlinking: /home/th/soarm101_ros2_moveit/ws/install/so_arm100_moveit_config/share/so_arm100_moveit_config/config/moveit_cpp.yaml
-- Symlinking: /home/th/soarm101_ros2_moveit/ws/install/so_arm100_moveit_config/share/so_arm100_moveit_config/config/ompl_planning.yaml
-- Symlinking: /home/th/soarm101_ros2_moveit/ws/install/so_arm100_moveit_config/share/so_arm100_moveit_config/config/so_arm100.srdf
-- Symlinking: /home/th/soarm101_ros2_moveit/ws/install/so_arm100_moveit_config/share/so_arm100_moveit_config/config/trajectory_execution.yaml
-- Symlinking: /home/th/soarm101_ros2_moveit/ws/install/so_arm100_moveit_config/share/so_arm100_moveit_config/.setup_assistant
-- Symlinking: /home/th/soarm101_ros2_moveit/ws/install/so_arm100_moveit_config/share/ament_index/resource_index/package_run_dependencies/so_arm100_moveit_config
-- Symlinking: /home/th/soarm101_ros2_moveit/ws/install/so_arm100_moveit_config/share/ament_index/resource_index/parent_prefix_path/so_arm100_moveit_config
-- Symlinking: /home/th/soarm101_ros2_moveit/ws/install/so_arm100_moveit_config/share/so_arm100_moveit_config/environment/ament_prefix_path.sh
-- Symlinking: /home/th/soarm101_ros2_moveit/ws/install/so_arm100_moveit_config/share/so_arm100_moveit_config/environment/ament_prefix_path.dsv
-- Symlinking: /home/th/soarm101_ros2_moveit/ws/install/so_arm100_moveit_config/share/so_arm100_moveit_config/environment/path.sh
-- Symlinking: /home/th/soarm101_ros2_moveit/ws/install/so_arm100_moveit_config/share/so_arm100_moveit_config/environment/path.dsv
-- Symlinking: /home/th/soarm101_ros2_moveit/ws/install/so_arm100_moveit_config/share/so_arm100_moveit_config/local_setup.bash
-- Symlinking: /home/th/soarm101_ros2_moveit/ws/install/so_arm100_moveit_config/share/so_arm100_moveit_config/local_setup.sh
-- Symlinking: /home/th/soarm101_ros2_moveit/ws/install/so_arm100_moveit_config/share/so_arm100_moveit_config/local_setup.zsh
-- Symlinking: /home/th/soarm101_ros2_moveit/ws/install/so_arm100_moveit_config/share/so_arm100_moveit_config/local_setup.dsv
-- Symlinking: /home/th/soarm101_ros2_moveit/ws/install/so_arm100_moveit_config/share/so_arm100_moveit_config/package.dsv
-- Symlinking: /home/th/soarm101_ros2_moveit/ws/install/so_arm100_moveit_config/share/ament_index/resource_index/packages/so_arm100_moveit_config
-- Symlinking: /home/th/soarm101_ros2_moveit/ws/install/so_arm100_moveit_config/share/so_arm100_moveit_config/cmake/so_arm100_moveit_configConfig.cmake
-- Symlinking: /home/th/soarm101_ros2_moveit/ws/install/so_arm100_moveit_config/share/so_arm100_moveit_config/cmake/so_arm100_moveit_configConfig-version.cmake
-- Symlinking: /home/th/soarm101_ros2_moveit/ws/install/so_arm100_moveit_config/share/so_arm100_moveit_config/package.xml
