[0.008s] Invoking command in '/home/th/soarm101_ros2_moveit/ws/build/so_arm_gz': AMENT_PREFIX_PATH=/home/th/soarm101_ros2_moveit/ws/install/so_arm101_description:/home/th/soarm101_ros2_moveit/ws/install/so_arm100_description:/home/th/soarm101_ros2_moveit/ws/install/so_arm_utils:/home/th/soarm101_ros2_moveit/ws/install/feetech_ros2_driver:${AMENT_PREFIX_PATH} CMAKE_PREFIX_PATH=/home/th/soarm101_ros2_moveit/ws/install/so_arm101_description:/home/th/soarm101_ros2_moveit/ws/install/so_arm100_description:/home/th/soarm101_ros2_moveit/ws/install/so_arm_utils:/home/th/soarm101_ros2_moveit/ws/install/feetech_ros2_driver:/opt/ros/jazzy/opt/sdformat_vendor:/opt/ros/jazzy/opt/gz_math_vendor:/opt/ros/jazzy/opt/gz_utils_vendor:/opt/ros/jazzy/opt/gz_tools_vendor:/opt/ros/jazzy/opt/gz_cmake_vendor:/opt/ros/jazzy DEBUGINFOD_URLS=https://debuginfod.ubuntu.com LD_LIBRARY_PATH=/home/th/soarm101_ros2_moveit/ws/install/feetech_ros2_driver/lib:${LD_LIBRARY_PATH} PATH=/home/th/soarm101_ros2_moveit/ws/install/feetech_ros2_driver/bin:${PATH} PYTHONPATH=/home/th/soarm101_ros2_moveit/ws/install/so_arm_utils/lib/python3.12/site-packages:${PYTHONPATH} /usr/bin/cmake /home/th/soarm101_ros2_moveit/ws/src/ros2_so_arm100/so_arm_gz -DAMENT_CMAKE_SYMLINK_INSTALL=1 -DCMAKE_INSTALL_PREFIX=/home/th/soarm101_ros2_moveit/ws/install/so_arm_gz
[0.046s] -- The C compiler identification is GNU 13.3.0
[0.085s] -- The CXX compiler identification is GNU 13.3.0
[0.099s] -- Detecting C compiler ABI info
[0.162s] -- Detecting C compiler ABI info - done
[0.167s] -- Check for working C compiler: /usr/bin/cc - skipped
[0.167s] -- Detecting C compile features
[0.168s] -- Detecting C compile features - done
[0.174s] -- Detecting CXX compiler ABI info
[0.248s] -- Detecting CXX compiler ABI info - done
[0.254s] -- Check for working CXX compiler: /usr/bin/c++ - skipped
[0.254s] -- Detecting CXX compile features
[0.254s] -- Detecting CXX compile features - done
[0.256s] -- Found ament_cmake: 2.5.6 (/opt/ros/jazzy/share/ament_cmake/cmake)
[0.361s] -- Found Python3: /usr/bin/python3 (found version "3.12.3") found components: Interpreter 
[0.411s] -- Override CMake install command with custom implementation using symlinks instead of copying resources
[0.500s] -- Configuring done (0.5s)
[0.502s] -- Generating done (0.0s)
[0.503s] -- Build files have been written to: /home/th/soarm101_ros2_moveit/ws/build/so_arm_gz
[0.506s] Invoked command in '/home/th/soarm101_ros2_moveit/ws/build/so_arm_gz' returned '0': AMENT_PREFIX_PATH=/home/th/soarm101_ros2_moveit/ws/install/so_arm101_description:/home/th/soarm101_ros2_moveit/ws/install/so_arm100_description:/home/th/soarm101_ros2_moveit/ws/install/so_arm_utils:/home/th/soarm101_ros2_moveit/ws/install/feetech_ros2_driver:${AMENT_PREFIX_PATH} CMAKE_PREFIX_PATH=/home/th/soarm101_ros2_moveit/ws/install/so_arm101_description:/home/th/soarm101_ros2_moveit/ws/install/so_arm100_description:/home/th/soarm101_ros2_moveit/ws/install/so_arm_utils:/home/th/soarm101_ros2_moveit/ws/install/feetech_ros2_driver:/opt/ros/jazzy/opt/sdformat_vendor:/opt/ros/jazzy/opt/gz_math_vendor:/opt/ros/jazzy/opt/gz_utils_vendor:/opt/ros/jazzy/opt/gz_tools_vendor:/opt/ros/jazzy/opt/gz_cmake_vendor:/opt/ros/jazzy DEBUGINFOD_URLS=https://debuginfod.ubuntu.com LD_LIBRARY_PATH=/home/th/soarm101_ros2_moveit/ws/install/feetech_ros2_driver/lib:${LD_LIBRARY_PATH} PATH=/home/th/soarm101_ros2_moveit/ws/install/feetech_ros2_driver/bin:${PATH} PYTHONPATH=/home/th/soarm101_ros2_moveit/ws/install/so_arm_utils/lib/python3.12/site-packages:${PYTHONPATH} /usr/bin/cmake /home/th/soarm101_ros2_moveit/ws/src/ros2_so_arm100/so_arm_gz -DAMENT_CMAKE_SYMLINK_INSTALL=1 -DCMAKE_INSTALL_PREFIX=/home/th/soarm101_ros2_moveit/ws/install/so_arm_gz
[0.507s] Invoking command in '/home/th/soarm101_ros2_moveit/ws/build/so_arm_gz': AMENT_PREFIX_PATH=/home/th/soarm101_ros2_moveit/ws/install/so_arm101_description:/home/th/soarm101_ros2_moveit/ws/install/so_arm100_description:/home/th/soarm101_ros2_moveit/ws/install/so_arm_utils:/home/th/soarm101_ros2_moveit/ws/install/feetech_ros2_driver:${AMENT_PREFIX_PATH} CMAKE_PREFIX_PATH=/home/th/soarm101_ros2_moveit/ws/install/so_arm101_description:/home/th/soarm101_ros2_moveit/ws/install/so_arm100_description:/home/th/soarm101_ros2_moveit/ws/install/so_arm_utils:/home/th/soarm101_ros2_moveit/ws/install/feetech_ros2_driver:/opt/ros/jazzy/opt/sdformat_vendor:/opt/ros/jazzy/opt/gz_math_vendor:/opt/ros/jazzy/opt/gz_utils_vendor:/opt/ros/jazzy/opt/gz_tools_vendor:/opt/ros/jazzy/opt/gz_cmake_vendor:/opt/ros/jazzy DEBUGINFOD_URLS=https://debuginfod.ubuntu.com LD_LIBRARY_PATH=/home/th/soarm101_ros2_moveit/ws/install/feetech_ros2_driver/lib:${LD_LIBRARY_PATH} PATH=/home/th/soarm101_ros2_moveit/ws/install/feetech_ros2_driver/bin:${PATH} PYTHONPATH=/home/th/soarm101_ros2_moveit/ws/install/so_arm_utils/lib/python3.12/site-packages:${PYTHONPATH} /usr/bin/cmake --build /home/th/soarm101_ros2_moveit/ws/build/so_arm_gz -- -j16 -l16
[0.534s] Invoked command in '/home/th/soarm101_ros2_moveit/ws/build/so_arm_gz' returned '0': AMENT_PREFIX_PATH=/home/th/soarm101_ros2_moveit/ws/install/so_arm101_description:/home/th/soarm101_ros2_moveit/ws/install/so_arm100_description:/home/th/soarm101_ros2_moveit/ws/install/so_arm_utils:/home/th/soarm101_ros2_moveit/ws/install/feetech_ros2_driver:${AMENT_PREFIX_PATH} CMAKE_PREFIX_PATH=/home/th/soarm101_ros2_moveit/ws/install/so_arm101_description:/home/th/soarm101_ros2_moveit/ws/install/so_arm100_description:/home/th/soarm101_ros2_moveit/ws/install/so_arm_utils:/home/th/soarm101_ros2_moveit/ws/install/feetech_ros2_driver:/opt/ros/jazzy/opt/sdformat_vendor:/opt/ros/jazzy/opt/gz_math_vendor:/opt/ros/jazzy/opt/gz_utils_vendor:/opt/ros/jazzy/opt/gz_tools_vendor:/opt/ros/jazzy/opt/gz_cmake_vendor:/opt/ros/jazzy DEBUGINFOD_URLS=https://debuginfod.ubuntu.com LD_LIBRARY_PATH=/home/th/soarm101_ros2_moveit/ws/install/feetech_ros2_driver/lib:${LD_LIBRARY_PATH} PATH=/home/th/soarm101_ros2_moveit/ws/install/feetech_ros2_driver/bin:${PATH} PYTHONPATH=/home/th/soarm101_ros2_moveit/ws/install/so_arm_utils/lib/python3.12/site-packages:${PYTHONPATH} /usr/bin/cmake --build /home/th/soarm101_ros2_moveit/ws/build/so_arm_gz -- -j16 -l16
[0.535s] Invoking command in '/home/th/soarm101_ros2_moveit/ws/build/so_arm_gz': AMENT_PREFIX_PATH=/home/th/soarm101_ros2_moveit/ws/install/so_arm101_description:/home/th/soarm101_ros2_moveit/ws/install/so_arm100_description:/home/th/soarm101_ros2_moveit/ws/install/so_arm_utils:/home/th/soarm101_ros2_moveit/ws/install/feetech_ros2_driver:${AMENT_PREFIX_PATH} CMAKE_PREFIX_PATH=/home/th/soarm101_ros2_moveit/ws/install/so_arm101_description:/home/th/soarm101_ros2_moveit/ws/install/so_arm100_description:/home/th/soarm101_ros2_moveit/ws/install/so_arm_utils:/home/th/soarm101_ros2_moveit/ws/install/feetech_ros2_driver:/opt/ros/jazzy/opt/sdformat_vendor:/opt/ros/jazzy/opt/gz_math_vendor:/opt/ros/jazzy/opt/gz_utils_vendor:/opt/ros/jazzy/opt/gz_tools_vendor:/opt/ros/jazzy/opt/gz_cmake_vendor:/opt/ros/jazzy DEBUGINFOD_URLS=https://debuginfod.ubuntu.com LD_LIBRARY_PATH=/home/th/soarm101_ros2_moveit/ws/install/feetech_ros2_driver/lib:${LD_LIBRARY_PATH} PATH=/home/th/soarm101_ros2_moveit/ws/install/feetech_ros2_driver/bin:${PATH} PYTHONPATH=/home/th/soarm101_ros2_moveit/ws/install/so_arm_utils/lib/python3.12/site-packages:${PYTHONPATH} /usr/bin/cmake --install /home/th/soarm101_ros2_moveit/ws/build/so_arm_gz
[0.541s] -- Install configuration: ""
[0.541s] -- Execute custom install script
[0.541s] -- Symlinking: /home/th/soarm101_ros2_moveit/ws/install/so_arm_gz/share/so_arm_gz/launch/so_arm_gz_bringup.launch.py
[0.547s] -- Symlinking: /home/th/soarm101_ros2_moveit/ws/install/so_arm_gz/share/ament_index/resource_index/package_run_dependencies/so_arm_gz
[0.553s] -- Symlinking: /home/th/soarm101_ros2_moveit/ws/install/so_arm_gz/share/ament_index/resource_index/parent_prefix_path/so_arm_gz
[0.559s] -- Symlinking: /home/th/soarm101_ros2_moveit/ws/install/so_arm_gz/share/so_arm_gz/environment/ament_prefix_path.sh
[0.566s] -- Symlinking: /home/th/soarm101_ros2_moveit/ws/install/so_arm_gz/share/so_arm_gz/environment/ament_prefix_path.dsv
[0.575s] -- Symlinking: /home/th/soarm101_ros2_moveit/ws/install/so_arm_gz/share/so_arm_gz/environment/path.sh
[0.581s] -- Symlinking: /home/th/soarm101_ros2_moveit/ws/install/so_arm_gz/share/so_arm_gz/environment/path.dsv
[0.588s] -- Symlinking: /home/th/soarm101_ros2_moveit/ws/install/so_arm_gz/share/so_arm_gz/local_setup.bash
[0.594s] -- Symlinking: /home/th/soarm101_ros2_moveit/ws/install/so_arm_gz/share/so_arm_gz/local_setup.sh
[0.600s] -- Symlinking: /home/th/soarm101_ros2_moveit/ws/install/so_arm_gz/share/so_arm_gz/local_setup.zsh
[0.606s] -- Symlinking: /home/th/soarm101_ros2_moveit/ws/install/so_arm_gz/share/so_arm_gz/local_setup.dsv
[0.614s] -- Symlinking: /home/th/soarm101_ros2_moveit/ws/install/so_arm_gz/share/so_arm_gz/package.dsv
[0.620s] -- Symlinking: /home/th/soarm101_ros2_moveit/ws/install/so_arm_gz/share/ament_index/resource_index/packages/so_arm_gz
[0.628s] -- Symlinking: /home/th/soarm101_ros2_moveit/ws/install/so_arm_gz/share/so_arm_gz/cmake/so_arm_gzConfig.cmake
[0.634s] -- Symlinking: /home/th/soarm101_ros2_moveit/ws/install/so_arm_gz/share/so_arm_gz/cmake/so_arm_gzConfig-version.cmake
[0.641s] -- Symlinking: /home/th/soarm101_ros2_moveit/ws/install/so_arm_gz/share/so_arm_gz/package.xml
[0.649s] Invoked command in '/home/th/soarm101_ros2_moveit/ws/build/so_arm_gz' returned '0': AMENT_PREFIX_PATH=/home/th/soarm101_ros2_moveit/ws/install/so_arm101_description:/home/th/soarm101_ros2_moveit/ws/install/so_arm100_description:/home/th/soarm101_ros2_moveit/ws/install/so_arm_utils:/home/th/soarm101_ros2_moveit/ws/install/feetech_ros2_driver:${AMENT_PREFIX_PATH} CMAKE_PREFIX_PATH=/home/th/soarm101_ros2_moveit/ws/install/so_arm101_description:/home/th/soarm101_ros2_moveit/ws/install/so_arm100_description:/home/th/soarm101_ros2_moveit/ws/install/so_arm_utils:/home/th/soarm101_ros2_moveit/ws/install/feetech_ros2_driver:/opt/ros/jazzy/opt/sdformat_vendor:/opt/ros/jazzy/opt/gz_math_vendor:/opt/ros/jazzy/opt/gz_utils_vendor:/opt/ros/jazzy/opt/gz_tools_vendor:/opt/ros/jazzy/opt/gz_cmake_vendor:/opt/ros/jazzy DEBUGINFOD_URLS=https://debuginfod.ubuntu.com LD_LIBRARY_PATH=/home/th/soarm101_ros2_moveit/ws/install/feetech_ros2_driver/lib:${LD_LIBRARY_PATH} PATH=/home/th/soarm101_ros2_moveit/ws/install/feetech_ros2_driver/bin:${PATH} PYTHONPATH=/home/th/soarm101_ros2_moveit/ws/install/so_arm_utils/lib/python3.12/site-packages:${PYTHONPATH} /usr/bin/cmake --install /home/th/soarm101_ros2_moveit/ws/build/so_arm_gz
