-- Found PkgConfig: /usr/bin/pkg-config (found version "1.8.1") 
-- Checking for module 'libserial'
--   Found libserial, version 1.0.0
-- feetech_driver version: 0.1.0
-- Found ament_cmake: 2.5.6 (/opt/ros/jazzy/share/ament_cmake/cmake)
-- Found Python3: /usr/bin/python3 (found version "3.12.3") found components: Interpreter 
-- Override CMake install command with custom implementation using symlinks instead of copying resources
-- Found rclcpp: 28.1.18 (/opt/ros/jazzy/share/rclcpp/cmake)
-- Found rosidl_generator_c: 4.6.7 (/opt/ros/jazzy/share/rosidl_generator_c/cmake)
-- Found rosidl_generator_cpp: 4.6.7 (/opt/ros/jazzy/share/rosidl_generator_cpp/cmake)
-- Using all available rosidl_typesupport_c: rosidl_typesupport_fastrtps_c;rosidl_typesupport_introspection_c
-- Using all available rosidl_typesupport_cpp: rosidl_typesupport_fastrtps_cpp;rosidl_typesupport_introspection_cpp
-- Found rmw_implementation_cmake: 7.3.3 (/opt/ros/jazzy/share/rmw_implementation_cmake/cmake)
-- Found rmw_fastrtps_cpp: 8.4.3 (/opt/ros/jazzy/share/rmw_fastrtps_cpp/cmake)
-- Found OpenSSL: /usr/lib/x86_64-linux-gnu/libcrypto.so (found version "3.0.13")  
-- Found FastRTPS: /opt/ros/jazzy/include (Required is at least version "2.13") 
-- Using RMW implementation 'rmw_fastrtps_cpp' as default
-- Found hardware_interface: 4.44.0 (/opt/ros/jazzy/share/hardware_interface/cmake)
-- Configuring done (0.7s)
-- Generating done (0.0s)
-- Build files have been written to: /home/th/soarm101_ros2_moveit/ws/build/feetech_ros2_driver
[ 22%] Generating feetech_ros2_driver/version.hpp
[ 22%] Building CXX object feetech_driver/CMakeFiles/serial_port.dir/src/serial_port.cpp.o
[ 22%] Built target ament_generate_version_header__feetech_ros2_driver
[ 33%] Linking CXX shared library libserial_port.so
[ 33%] Built target serial_port
[ 44%] Building CXX object feetech_driver/CMakeFiles/communication_protocol.dir/src/communication_protocol.cpp.o
[ 55%] Linking CXX shared library libcommunication_protocol.so
[ 55%] Built target communication_protocol
[ 77%] Building CXX object CMakeFiles/feetech_ros2_driver.dir/src/feetech_ros2_driver.cpp.o
[ 77%] Building CXX object feetech_driver/CMakeFiles/demo.dir/examples/demo.cpp.o
[ 88%] Linking CXX executable demo
[ 88%] Built target demo
[100%] Linking CXX shared library libfeetech_ros2_driver.so
[100%] Built target feetech_ros2_driver
-- Install configuration: ""
-- Installing: /home/th/soarm101_ros2_moveit/ws/install/feetech_ros2_driver/lib/libserial_port.so.0.1.0
-- Installing: /home/th/soarm101_ros2_moveit/ws/install/feetech_ros2_driver/lib/libserial_port.so.0
-- Installing: /home/th/soarm101_ros2_moveit/ws/install/feetech_ros2_driver/lib/libserial_port.so
-- Installing: /home/th/soarm101_ros2_moveit/ws/install/feetech_ros2_driver/lib/libcommunication_protocol.so.0.1.0
-- Installing: /home/th/soarm101_ros2_moveit/ws/install/feetech_ros2_driver/lib/libcommunication_protocol.so.0
-- Set non-toolchain portion of runtime path of "/home/th/soarm101_ros2_moveit/ws/install/feetech_ros2_driver/lib/libcommunication_protocol.so.0.1.0" to ""
-- Installing: /home/th/soarm101_ros2_moveit/ws/install/feetech_ros2_driver/lib/libcommunication_protocol.so
-- Installing: /home/th/soarm101_ros2_moveit/ws/install/feetech_ros2_driver/bin/demo
-- Set non-toolchain portion of runtime path of "/home/th/soarm101_ros2_moveit/ws/install/feetech_ros2_driver/bin/demo" to ""
-- Installing: /home/th/soarm101_ros2_moveit/ws/install/feetech_ros2_driver/lib/cmake/feetech_driver/feetech_driver-config.cmake
-- Installing: /home/th/soarm101_ros2_moveit/ws/install/feetech_ros2_driver/lib/cmake/feetech_driver/feetech_driver-config-version.cmake
-- Installing: /home/th/soarm101_ros2_moveit/ws/install/feetech_ros2_driver/lib/cmake/feetech_driver/feetech_driver-targets.cmake
-- Installing: /home/th/soarm101_ros2_moveit/ws/install/feetech_ros2_driver/lib/cmake/feetech_driver/feetech_driver-targets-noconfig.cmake
-- Execute custom install script
-- Symlinking: /home/th/soarm101_ros2_moveit/ws/install/feetech_ros2_driver/share/feetech_ros2_driver//feetech_ros2_control_plugin_description.xml
-- Symlinking: /home/th/soarm101_ros2_moveit/ws/install/feetech_ros2_driver/include/feetech_ros2_driver/feetech_ros2_driver/feetech_ros2_driver.hpp
-- Symlinking: /home/th/soarm101_ros2_moveit/ws/install/feetech_ros2_driver/share/feetech_ros2_driver/environment/library_path.sh
-- Symlinking: /home/th/soarm101_ros2_moveit/ws/install/feetech_ros2_driver/share/feetech_ros2_driver/environment/library_path.dsv
-- Symlinking: /home/th/soarm101_ros2_moveit/ws/install/feetech_ros2_driver/include/feetech_ros2_driver/feetech_ros2_driver/version.hpp
-- Symlinking: /home/th/soarm101_ros2_moveit/ws/install/feetech_ros2_driver/share/ament_index/resource_index/package_run_dependencies/feetech_ros2_driver
-- Symlinking: /home/th/soarm101_ros2_moveit/ws/install/feetech_ros2_driver/share/ament_index/resource_index/parent_prefix_path/feetech_ros2_driver
-- Symlinking: /home/th/soarm101_ros2_moveit/ws/install/feetech_ros2_driver/share/feetech_ros2_driver/environment/ament_prefix_path.sh
-- Symlinking: /home/th/soarm101_ros2_moveit/ws/install/feetech_ros2_driver/share/feetech_ros2_driver/environment/ament_prefix_path.dsv
-- Symlinking: /home/th/soarm101_ros2_moveit/ws/install/feetech_ros2_driver/share/feetech_ros2_driver/environment/path.sh
-- Symlinking: /home/th/soarm101_ros2_moveit/ws/install/feetech_ros2_driver/share/feetech_ros2_driver/environment/path.dsv
-- Symlinking: /home/th/soarm101_ros2_moveit/ws/install/feetech_ros2_driver/share/feetech_ros2_driver/local_setup.bash
-- Symlinking: /home/th/soarm101_ros2_moveit/ws/install/feetech_ros2_driver/share/feetech_ros2_driver/local_setup.sh
-- Symlinking: /home/th/soarm101_ros2_moveit/ws/install/feetech_ros2_driver/share/feetech_ros2_driver/local_setup.zsh
-- Symlinking: /home/th/soarm101_ros2_moveit/ws/install/feetech_ros2_driver/share/feetech_ros2_driver/local_setup.dsv
-- Symlinking: /home/th/soarm101_ros2_moveit/ws/install/feetech_ros2_driver/share/feetech_ros2_driver/package.dsv
-- Symlinking: /home/th/soarm101_ros2_moveit/ws/install/feetech_ros2_driver/share/ament_index/resource_index/packages/feetech_ros2_driver
-- Symlinking: /home/th/soarm101_ros2_moveit/ws/install/feetech_ros2_driver/share/ament_index/resource_index/hardware_interface__pluginlib__plugin/feetech_ros2_driver
-- Symlinking: /home/th/soarm101_ros2_moveit/ws/install/feetech_ros2_driver/share/feetech_ros2_driver/cmake/ament_cmake_export_targets-extras.cmake
-- Symlinking: /home/th/soarm101_ros2_moveit/ws/install/feetech_ros2_driver/share/feetech_ros2_driver/cmake/ament_cmake_export_dependencies-extras.cmake
-- Symlinking: /home/th/soarm101_ros2_moveit/ws/install/feetech_ros2_driver/share/feetech_ros2_driver/cmake/feetech_ros2_driverConfig.cmake
-- Symlinking: /home/th/soarm101_ros2_moveit/ws/install/feetech_ros2_driver/share/feetech_ros2_driver/cmake/feetech_ros2_driverConfig-version.cmake
-- Symlinking: /home/th/soarm101_ros2_moveit/ws/install/feetech_ros2_driver/share/feetech_ros2_driver/package.xml
-- Installing: /home/th/soarm101_ros2_moveit/ws/install/feetech_ros2_driver/lib/libfeetech_ros2_driver.so
-- Set non-toolchain portion of runtime path of "/home/th/soarm101_ros2_moveit/ws/install/feetech_ros2_driver/lib/libfeetech_ros2_driver.so" to ""
-- Installing: /home/th/soarm101_ros2_moveit/ws/install/feetech_ros2_driver/share/feetech_ros2_driver/cmake/feetech_ros2_driverTargetsExport.cmake
-- Installing: /home/th/soarm101_ros2_moveit/ws/install/feetech_ros2_driver/share/feetech_ros2_driver/cmake/feetech_ros2_driverTargetsExport-noconfig.cmake
