[0.007s] Invoking command in '/home/th/soarm101_ros2_moveit/ws/build/feetech_ros2_driver': CMAKE_PREFIX_PATH=${CMAKE_PREFIX_PATH}:/opt/ros/jazzy DEBUGINFOD_URLS=https://debuginfod.ubuntu.com /usr/bin/cmake /home/th/soarm101_ros2_moveit/ws/src/feetech_ros2_driver -DAMENT_CMAKE_SYMLINK_INSTALL=1 -DCMAKE_INSTALL_PREFIX=/home/th/soarm101_ros2_moveit/ws/install/feetech_ros2_driver
[0.027s] -- Found PkgConfig: /usr/bin/pkg-config (found version "1.8.1") 
[0.028s] -- Checking for module 'libserial'
[0.036s] --   Found libserial, version 1.0.0
[0.060s] -- feetech_driver version: 0.1.0
[0.068s] -- Found ament_cmake: 2.5.6 (/opt/ros/jazzy/share/ament_cmake/cmake)
[0.166s] -- Found Python3: /usr/bin/python3 (found version "3.12.3") found components: Interpreter 
[0.214s] -- Override CMake install command with custom implementation using symlinks instead of copying resources
[0.244s] -- Found rclcpp: 28.1.18 (/opt/ros/jazzy/share/rclcpp/cmake)
[0.273s] -- Found rosidl_generator_c: 4.6.7 (/opt/ros/jazzy/share/rosidl_generator_c/cmake)
[0.281s] -- Found rosidl_generator_cpp: 4.6.7 (/opt/ros/jazzy/share/rosidl_generator_cpp/cmake)
[0.292s] -- Using all available rosidl_typesupport_c: rosidl_typesupport_fastrtps_c;rosidl_typesupport_introspection_c
[0.304s] -- Using all available rosidl_typesupport_cpp: rosidl_typesupport_fastrtps_cpp;rosidl_typesupport_introspection_cpp
[0.357s] -- Found rmw_implementation_cmake: 7.3.3 (/opt/ros/jazzy/share/rmw_implementation_cmake/cmake)
[0.359s] -- Found rmw_fastrtps_cpp: 8.4.3 (/opt/ros/jazzy/share/rmw_fastrtps_cpp/cmake)
[0.421s] -- Found OpenSSL: /usr/lib/x86_64-linux-gnu/libcrypto.so (found version "3.0.13")  
[0.436s] -- Found FastRTPS: /opt/ros/jazzy/include (Required is at least version "2.13") 
[0.453s] -- Using RMW implementation 'rmw_fastrtps_cpp' as default
[0.505s] -- Found hardware_interface: 4.44.0 (/opt/ros/jazzy/share/hardware_interface/cmake)
[0.761s] -- Configuring done (0.7s)
[0.782s] -- Generating done (0.0s)
[0.787s] -- Build files have been written to: /home/th/soarm101_ros2_moveit/ws/build/feetech_ros2_driver
[0.794s] Invoked command in '/home/th/soarm101_ros2_moveit/ws/build/feetech_ros2_driver' returned '0': CMAKE_PREFIX_PATH=${CMAKE_PREFIX_PATH}:/opt/ros/jazzy DEBUGINFOD_URLS=https://debuginfod.ubuntu.com /usr/bin/cmake /home/th/soarm101_ros2_moveit/ws/src/feetech_ros2_driver -DAMENT_CMAKE_SYMLINK_INSTALL=1 -DCMAKE_INSTALL_PREFIX=/home/th/soarm101_ros2_moveit/ws/install/feetech_ros2_driver
[0.795s] Invoking command in '/home/th/soarm101_ros2_moveit/ws/build/feetech_ros2_driver': CMAKE_PREFIX_PATH=${CMAKE_PREFIX_PATH}:/opt/ros/jazzy DEBUGINFOD_URLS=https://debuginfod.ubuntu.com /usr/bin/cmake --build /home/th/soarm101_ros2_moveit/ws/build/feetech_ros2_driver -- -j16 -l16
[0.838s] [ 22%] Generating feetech_ros2_driver/version.hpp
[0.838s] [ 22%] Building CXX object feetech_driver/CMakeFiles/serial_port.dir/src/serial_port.cpp.o
[0.852s] [ 22%] Built target ament_generate_version_header__feetech_ros2_driver
[3.183s] [ 33%] Linking CXX shared library libserial_port.so
[3.271s] [ 33%] Built target serial_port
[3.287s] [ 44%] Building CXX object feetech_driver/CMakeFiles/communication_protocol.dir/src/communication_protocol.cpp.o
[5.024s] [ 55%] Linking CXX shared library libcommunication_protocol.so
[5.097s] [ 55%] Built target communication_protocol
[5.113s] [ 77%] Building CXX object CMakeFiles/feetech_ros2_driver.dir/src/feetech_ros2_driver.cpp.o
[5.113s] [ 77%] Building CXX object feetech_driver/CMakeFiles/demo.dir/examples/demo.cpp.o
[8.211s] [ 88%] Linking CXX executable demo
[8.295s] [ 88%] Built target demo
[11.591s] [100%] Linking CXX shared library libfeetech_ros2_driver.so
[11.765s] [100%] Built target feetech_ros2_driver
[11.775s] Invoked command in '/home/th/soarm101_ros2_moveit/ws/build/feetech_ros2_driver' returned '0': CMAKE_PREFIX_PATH=${CMAKE_PREFIX_PATH}:/opt/ros/jazzy DEBUGINFOD_URLS=https://debuginfod.ubuntu.com /usr/bin/cmake --build /home/th/soarm101_ros2_moveit/ws/build/feetech_ros2_driver -- -j16 -l16
[11.776s] Invoking command in '/home/th/soarm101_ros2_moveit/ws/build/feetech_ros2_driver': CMAKE_PREFIX_PATH=${CMAKE_PREFIX_PATH}:/opt/ros/jazzy DEBUGINFOD_URLS=https://debuginfod.ubuntu.com /usr/bin/cmake --install /home/th/soarm101_ros2_moveit/ws/build/feetech_ros2_driver
[11.781s] -- Install configuration: ""
[11.782s] -- Installing: /home/th/soarm101_ros2_moveit/ws/install/feetech_ros2_driver/lib/libserial_port.so.0.1.0
[11.782s] -- Installing: /home/th/soarm101_ros2_moveit/ws/install/feetech_ros2_driver/lib/libserial_port.so.0
[11.782s] -- Installing: /home/th/soarm101_ros2_moveit/ws/install/feetech_ros2_driver/lib/libserial_port.so
[11.782s] -- Installing: /home/th/soarm101_ros2_moveit/ws/install/feetech_ros2_driver/lib/libcommunication_protocol.so.0.1.0
[11.783s] -- Installing: /home/th/soarm101_ros2_moveit/ws/install/feetech_ros2_driver/lib/libcommunication_protocol.so.0
[11.783s] -- Set non-toolchain portion of runtime path of "/home/th/soarm101_ros2_moveit/ws/install/feetech_ros2_driver/lib/libcommunication_protocol.so.0.1.0" to ""
[11.783s] -- Installing: /home/th/soarm101_ros2_moveit/ws/install/feetech_ros2_driver/lib/libcommunication_protocol.so
[11.783s] -- Installing: /home/th/soarm101_ros2_moveit/ws/install/feetech_ros2_driver/bin/demo
[11.784s] -- Set non-toolchain portion of runtime path of "/home/th/soarm101_ros2_moveit/ws/install/feetech_ros2_driver/bin/demo" to ""
[11.784s] -- Installing: /home/th/soarm101_ros2_moveit/ws/install/feetech_ros2_driver/lib/cmake/feetech_driver/feetech_driver-config.cmake
[11.784s] -- Installing: /home/th/soarm101_ros2_moveit/ws/install/feetech_ros2_driver/lib/cmake/feetech_driver/feetech_driver-config-version.cmake
[11.784s] -- Installing: /home/th/soarm101_ros2_moveit/ws/install/feetech_ros2_driver/lib/cmake/feetech_driver/feetech_driver-targets.cmake
[11.784s] -- Installing: /home/th/soarm101_ros2_moveit/ws/install/feetech_ros2_driver/lib/cmake/feetech_driver/feetech_driver-targets-noconfig.cmake
[11.785s] -- Execute custom install script
[11.785s] -- Symlinking: /home/th/soarm101_ros2_moveit/ws/install/feetech_ros2_driver/share/feetech_ros2_driver//feetech_ros2_control_plugin_description.xml
[11.794s] -- Symlinking: /home/th/soarm101_ros2_moveit/ws/install/feetech_ros2_driver/include/feetech_ros2_driver/feetech_ros2_driver/feetech_ros2_driver.hpp
[11.801s] -- Symlinking: /home/th/soarm101_ros2_moveit/ws/install/feetech_ros2_driver/share/feetech_ros2_driver/environment/library_path.sh
[11.809s] -- Symlinking: /home/th/soarm101_ros2_moveit/ws/install/feetech_ros2_driver/share/feetech_ros2_driver/environment/library_path.dsv
[11.815s] -- Symlinking: /home/th/soarm101_ros2_moveit/ws/install/feetech_ros2_driver/include/feetech_ros2_driver/feetech_ros2_driver/version.hpp
[11.823s] -- Symlinking: /home/th/soarm101_ros2_moveit/ws/install/feetech_ros2_driver/share/ament_index/resource_index/package_run_dependencies/feetech_ros2_driver
[11.829s] -- Symlinking: /home/th/soarm101_ros2_moveit/ws/install/feetech_ros2_driver/share/ament_index/resource_index/parent_prefix_path/feetech_ros2_driver
[11.835s] -- Symlinking: /home/th/soarm101_ros2_moveit/ws/install/feetech_ros2_driver/share/feetech_ros2_driver/environment/ament_prefix_path.sh
[11.842s] -- Symlinking: /home/th/soarm101_ros2_moveit/ws/install/feetech_ros2_driver/share/feetech_ros2_driver/environment/ament_prefix_path.dsv
[11.849s] -- Symlinking: /home/th/soarm101_ros2_moveit/ws/install/feetech_ros2_driver/share/feetech_ros2_driver/environment/path.sh
[11.857s] -- Symlinking: /home/th/soarm101_ros2_moveit/ws/install/feetech_ros2_driver/share/feetech_ros2_driver/environment/path.dsv
[11.864s] -- Symlinking: /home/th/soarm101_ros2_moveit/ws/install/feetech_ros2_driver/share/feetech_ros2_driver/local_setup.bash
[11.869s] -- Symlinking: /home/th/soarm101_ros2_moveit/ws/install/feetech_ros2_driver/share/feetech_ros2_driver/local_setup.sh
[11.876s] -- Symlinking: /home/th/soarm101_ros2_moveit/ws/install/feetech_ros2_driver/share/feetech_ros2_driver/local_setup.zsh
[11.883s] -- Symlinking: /home/th/soarm101_ros2_moveit/ws/install/feetech_ros2_driver/share/feetech_ros2_driver/local_setup.dsv
[11.893s] -- Symlinking: /home/th/soarm101_ros2_moveit/ws/install/feetech_ros2_driver/share/feetech_ros2_driver/package.dsv
[11.899s] -- Symlinking: /home/th/soarm101_ros2_moveit/ws/install/feetech_ros2_driver/share/ament_index/resource_index/packages/feetech_ros2_driver
[11.907s] -- Symlinking: /home/th/soarm101_ros2_moveit/ws/install/feetech_ros2_driver/share/ament_index/resource_index/hardware_interface__pluginlib__plugin/feetech_ros2_driver
[11.915s] -- Symlinking: /home/th/soarm101_ros2_moveit/ws/install/feetech_ros2_driver/share/feetech_ros2_driver/cmake/ament_cmake_export_targets-extras.cmake
[11.923s] -- Symlinking: /home/th/soarm101_ros2_moveit/ws/install/feetech_ros2_driver/share/feetech_ros2_driver/cmake/ament_cmake_export_dependencies-extras.cmake
[11.930s] -- Symlinking: /home/th/soarm101_ros2_moveit/ws/install/feetech_ros2_driver/share/feetech_ros2_driver/cmake/feetech_ros2_driverConfig.cmake
[11.937s] -- Symlinking: /home/th/soarm101_ros2_moveit/ws/install/feetech_ros2_driver/share/feetech_ros2_driver/cmake/feetech_ros2_driverConfig-version.cmake
[11.943s] -- Symlinking: /home/th/soarm101_ros2_moveit/ws/install/feetech_ros2_driver/share/feetech_ros2_driver/package.xml
[11.951s] -- Installing: /home/th/soarm101_ros2_moveit/ws/install/feetech_ros2_driver/lib/libfeetech_ros2_driver.so
[11.953s] -- Set non-toolchain portion of runtime path of "/home/th/soarm101_ros2_moveit/ws/install/feetech_ros2_driver/lib/libfeetech_ros2_driver.so" to ""
[11.953s] -- Installing: /home/th/soarm101_ros2_moveit/ws/install/feetech_ros2_driver/share/feetech_ros2_driver/cmake/feetech_ros2_driverTargetsExport.cmake
[11.953s] -- Installing: /home/th/soarm101_ros2_moveit/ws/install/feetech_ros2_driver/share/feetech_ros2_driver/cmake/feetech_ros2_driverTargetsExport-noconfig.cmake
[11.956s] Invoked command in '/home/th/soarm101_ros2_moveit/ws/build/feetech_ros2_driver' returned '0': CMAKE_PREFIX_PATH=${CMAKE_PREFIX_PATH}:/opt/ros/jazzy DEBUGINFOD_URLS=https://debuginfod.ubuntu.com /usr/bin/cmake --install /home/th/soarm101_ros2_moveit/ws/build/feetech_ros2_driver
